{"meta": {"format": 3, "version": "7.10.7", "timestamp": "2026-04-25T12:08:52.826654", "branch_coverage": false, "show_contexts": false}, "files": {"audit/__init__.py": {"executed_lines": [1], "summary": {"covered_lines": 0, "num_statements": 0, "percent_covered": 100.0, "percent_covered_display": "100", "missing_lines": 0, "excluded_lines": 0}, "missing_lines": [], "excluded_lines": [], "functions": {"": {"executed_lines": [], "summary": {"covered_lines": 0, "num_statements": 0, "percent_covered": 100.0, "percent_covered_display": "100", "missing_lines": 0, "excluded_lines": 0}, "missing_lines": [], "excluded_lines": []}}, "classes": {"": {"executed_lines": [], "summary": {"covered_lines": 0, "num_statements": 0, "percent_covered": 100.0, "percent_covered_display": "100", "missing_lines": 0, "excluded_lines": 0}, "missing_lines": [], "excluded_lines": []}}}, "audit/chain_verifier.py": {"executed_lines": [1, 10, 12, 13, 14, 15, 16, 17, 18, 19, 20, 22, 24, 32, 33, 34, 36, 37, 38, 39, 40, 47, 65, 67, 68, 69, 72, 73, 74, 75, 76, 77, 85, 110, 111, 113, 115, 116, 117, 119, 120, 121, 123, 126, 127, 128, 129, 130, 131, 132, 133, 135, 136, 141, 142, 143, 144, 145, 146, 154, 155, 164, 166, 167, 168, 170, 171, 172, 174, 175, 177, 178, 181, 183, 185, 187, 188, 189, 203, 204, 206, 207, 215, 216, 218, 231, 234, 235, 243, 246, 247, 248, 249, 250, 251, 252, 255, 276, 278, 279, 280, 281, 282, 283, 286, 290, 291, 295, 296, 297, 298, 299, 300, 308, 317, 318, 319, 320, 322, 323, 324, 328, 329, 330, 332, 344, 345, 354, 355, 357, 370, 391, 413, 419], "summary": {"covered_lines": 131, "num_statements": 162, "percent_covered": 80.8641975308642, "percent_covered_display": "81", "missing_lines": 31, "excluded_lines": 4}, "missing_lines": [284, 285, 287, 288, 309, 325, 326, 333, 334, 335, 336, 346, 371, 374, 375, 380, 381, 382, 388, 392, 400, 401, 402, 403, 404, 405, 406, 407, 408, 410, 420], "excluded_lines": [413, 414, 415, 416], "functions": {"_rebuild_canonical": {"executed_lines": [67, 68, 69], "summary": {"covered_lines": 3, "num_statements": 3, "percent_covered": 100.0, "percent_covered_display": "100", "missing_lines": 0, "excluded_lines": 0}, "missing_lines": [], "excluded_lines": []}, "_recompute_hash": {"executed_lines": [73, 74, 75, 76, 77], "summary": {"covered_lines": 5, "num_statements": 5, "percent_covered": 100.0, "percent_covered_display": "100", "missing_lines": 0, "excluded_lines": 0}, "missing_lines": [], "excluded_lines": []}, "verify_chain": {"executed_lines": [110, 111, 113, 115, 116, 117, 119, 120, 121, 123, 126, 127, 128, 129, 130, 131, 132, 133, 135, 136, 141, 142, 143, 144, 145, 146, 154, 155, 164, 166, 167, 168, 170, 171, 172, 174, 175, 177, 178, 181, 183, 185, 187, 188, 189, 203, 204, 206, 207, 215, 216, 218], "summary": {"covered_lines": 52, "num_statements": 52, "percent_covered": 100.0, "percent_covered_display": "100", "missing_lines": 0, "excluded_lines": 0}, "missing_lines": [], "excluded_lines": []}, "_rebuild_ai_canonical": {"executed_lines": [235, 243], "summary": {"covered_lines": 2, "num_statements": 2, "percent_covered": 100.0, "percent_covered_display": "100", "missing_lines": 0, "excluded_lines": 0}, "missing_lines": [], "excluded_lines": []}, "_recompute_ai_hash": {"executed_lines": [247, 248, 249, 250, 251, 252], "summary": {"covered_lines": 6, "num_statements": 6, "percent_covered": 100.0, "percent_covered_display": "100", "missing_lines": 0, "excluded_lines": 0}, "missing_lines": [], "excluded_lines": []}, "verify_ai_agent_chain": {"executed_lines": [276, 278, 279, 280, 281, 282, 283, 286, 290, 291, 295, 296, 297, 298, 299, 300, 308, 317, 318, 319, 320, 322, 323, 324, 328, 329, 330, 332, 344, 345, 354, 355, 357], "summary": {"covered_lines": 33, "num_statements": 45, "percent_covered": 73.33333333333333, "percent_covered_display": "73", "missing_lines": 12, "excluded_lines": 0}, "missing_lines": [284, 285, 287, 288, 309, 325, 326, 333, 334, 335, 336, 346], "excluded_lines": []}, "_build_arg_parser": {"executed_lines": [], "summary": {"covered_lines": 0, "num_statements": 7, "percent_covered": 0.0, "percent_covered_display": "0", "missing_lines": 7, "excluded_lines": 0}, "missing_lines": [371, 374, 375, 380, 381, 382, 388], "excluded_lines": []}, "_async_main": {"executed_lines": [], "summary": {"covered_lines": 0, "num_statements": 11, "percent_covered": 0.0, "percent_covered_display": "0", "missing_lines": 11, "excluded_lines": 0}, "missing_lines": [392, 400, 401, 402, 403, 404, 405, 406, 407, 408, 410], "excluded_lines": []}, "main": {"executed_lines": [], "summary": {"covered_lines": 0, "num_statements": 0, "percent_covered": 100.0, "percent_covered_display": "100", "missing_lines": 0, "excluded_lines": 3}, "missing_lines": [], "excluded_lines": [414, 415, 416]}, "": {"executed_lines": [1, 10, 12, 13, 14, 15, 16, 17, 18, 19, 20, 22, 24, 32, 33, 34, 36, 37, 38, 39, 40, 47, 65, 72, 85, 231, 234, 246, 255, 370, 391, 413, 419], "summary": {"covered_lines": 30, "num_statements": 31, "percent_covered": 96.7741935483871, "percent_covered_display": "97", "missing_lines": 1, "excluded_lines": 1}, "missing_lines": [420], "excluded_lines": [413]}}, "classes": {"ChainVerificationResult": {"executed_lines": [], "summary": {"covered_lines": 0, "num_statements": 0, "percent_covered": 100.0, "percent_covered_display": "100", "missing_lines": 0, "excluded_lines": 0}, "missing_lines": [], "excluded_lines": []}, "": {"executed_lines": [1, 10, 12, 13, 14, 15, 16, 17, 18, 19, 20, 22, 24, 32, 33, 34, 36, 37, 38, 39, 40, 47, 65, 67, 68, 69, 72, 73, 74, 75, 76, 77, 85, 110, 111, 113, 115, 116, 117, 119, 120, 121, 123, 126, 127, 128, 129, 130, 131, 132, 133, 135, 136, 141, 142, 143, 144, 145, 146, 154, 155, 164, 166, 167, 168, 170, 171, 172, 174, 175, 177, 178, 181, 183, 185, 187, 188, 189, 203, 204, 206, 207, 215, 216, 218, 231, 234, 235, 243, 246, 247, 248, 249, 250, 251, 252, 255, 276, 278, 279, 280, 281, 282, 283, 286, 290, 291, 295, 296, 297, 298, 299, 300, 308, 317, 318, 319, 320, 322, 323, 324, 328, 329, 330, 332, 344, 345, 354, 355, 357, 370, 391, 413, 419], "summary": {"covered_lines": 131, "num_statements": 162, "percent_covered": 80.8641975308642, "percent_covered_display": "81", "missing_lines": 31, "excluded_lines": 4}, "missing_lines": [284, 285, 287, 288, 309, 325, 326, 333, 334, 335, 336, 346, 371, 374, 375, 380, 381, 382, 388, 392, 400, 401, 402, 403, 404, 405, 406, 407, 408, 410, 420], "excluded_lines": [413, 414, 415, 416]}}}, "audit/consistency_scorer.py": {"executed_lines": [1, 15, 17, 18, 19, 20, 21, 23, 29, 36, 37, 38, 64, 65, 66, 67, 68, 69, 70, 71, 72, 73, 80], "summary": {"covered_lines": 21, "num_statements": 97, "percent_covered": 21.649484536082475, "percent_covered_display": "22", "missing_lines": 76, "excluded_lines": 0}, "missing_lines": [116, 117, 118, 121, 122, 123, 125, 130, 131, 132, 137, 138, 139, 140, 141, 142, 144, 149, 150, 151, 152, 156, 157, 158, 159, 160, 162, 163, 164, 165, 166, 170, 171, 172, 173, 174, 179, 182, 183, 184, 185, 186, 187, 188, 192, 193, 194, 195, 196, 197, 200, 201, 202, 203, 204, 210, 211, 212, 213, 222, 235, 239, 244, 245, 246, 248, 250, 251, 252, 253, 254, 255, 257, 258, 260, 262], "excluded_lines": [], "functions": {"score_decision_consistency": {"executed_lines": [], "summary": {"covered_lines": 0, "num_statements": 76, "percent_covered": 0.0, "percent_covered_display": "0", "missing_lines": 76, "excluded_lines": 0}, "missing_lines": [116, 117, 118, 121, 122, 123, 125, 130, 131, 132, 137, 138, 139, 140, 141, 142, 144, 149, 150, 151, 152, 156, 157, 158, 159, 160, 162, 163, 164, 165, 166, 170, 171, 172, 173, 174, 179, 182, 183, 184, 185, 186, 187, 188, 192, 193, 194, 195, 196, 197, 200, 201, 202, 203, 204, 210, 211, 212, 213, 222, 235, 239, 244, 245, 246, 248, 250, 251, 252, 253, 254, 255, 257, 258, 260, 262], "excluded_lines": []}, "": {"executed_lines": [1, 15, 17, 18, 19, 20, 21, 23, 29, 36, 37, 38, 64, 65, 66, 67, 68, 69, 70, 71, 72, 73, 80], "summary": {"covered_lines": 21, "num_statements": 21, "percent_covered": 100.0, "percent_covered_display": "100", "missing_lines": 0, "excluded_lines": 0}, "missing_lines": [], "excluded_lines": []}}, "classes": {"ConsistencyResult": {"executed_lines": [], "summary": {"covered_lines": 0, "num_statements": 0, "percent_covered": 100.0, "percent_covered_display": "100", "missing_lines": 0, "excluded_lines": 0}, "missing_lines": [], "excluded_lines": []}, "": {"executed_lines": [1, 15, 17, 18, 19, 20, 21, 23, 29, 36, 37, 38, 64, 65, 66, 67, 68, 69, 70, 71, 72, 73, 80], "summary": {"covered_lines": 21, "num_statements": 97, "percent_covered": 21.649484536082475, "percent_covered_display": "22", "missing_lines": 76, "excluded_lines": 0}, "missing_lines": [116, 117, 118, 121, 122, 123, 125, 130, 131, 132, 137, 138, 139, 140, 141, 142, 144, 149, 150, 151, 152, 156, 157, 158, 159, 160, 162, 163, 164, 165, 166, 170, 171, 172, 173, 174, 179, 182, 183, 184, 185, 186, 187, 188, 192, 193, 194, 195, 196, 197, 200, 201, 202, 203, 204, 210, 211, 212, 213, 222, 235, 239, 244, 245, 246, 248, 250, 251, 252, 253, 254, 255, 257, 258, 260, 262], "excluded_lines": []}}}, "audit/logger.py": {"executed_lines": [1, 19, 21, 22, 23, 24, 25, 26, 28, 29, 30, 32, 35, 36, 47, 49, 52, 54, 55, 58, 66, 67, 68, 69, 70, 71, 72, 73, 74, 75, 76, 83, 117, 139, 163, 174, 202, 226, 252, 262, 265, 266, 267, 268, 275, 314, 319, 320, 321, 323, 324, 325, 333, 371, 372, 374, 375, 376, 379, 380, 381, 382, 383, 384, 386, 387, 388, 389, 392, 393, 395, 399, 401, 406, 408, 438, 449, 451, 452, 453, 454, 457, 463, 470, 477, 480, 504, 505, 506, 508, 509, 510, 518, 519, 520, 522, 525, 526, 527, 528, 532, 540, 576, 577, 579, 580, 582, 606, 617, 618, 619, 639, 645, 648, 659, 660, 662, 663, 664, 670, 671, 678, 699, 713, 721, 754, 755, 757, 772, 773, 774, 775, 777, 781, 784, 794, 795, 796, 797, 803, 804, 805, 806, 807, 808, 811, 818, 839, 853, 860, 901, 908, 909, 911, 926, 927, 928, 931, 935, 938, 947, 948, 949, 950, 955, 956, 957, 958, 959, 960, 961, 964, 965, 968, 1003, 1023, 1037, 1043, 1051, 1080, 1081, 1086, 1087, 1089, 1091, 1105, 1106, 1107, 1110, 1114, 1117, 1125, 1126, 1127, 1128, 1131, 1132, 1133, 1134, 1135, 1136, 1137, 1140, 1143, 1146, 1154, 1155, 1156, 1157, 1158, 1164, 1165, 1172, 1179, 1208, 1221, 1222, 1224, 1229, 1235, 1236, 1237, 1239, 1240, 1241, 1242, 1245, 1255, 1258, 1260, 1261, 1262, 1268, 1278, 1309], "summary": {"covered_lines": 234, "num_statements": 332, "percent_covered": 70.48192771084338, "percent_covered_display": "70", "missing_lines": 98, "excluded_lines": 4}, "missing_lines": [402, 464, 465, 468, 514, 516, 529, 530, 620, 621, 626, 632, 633, 634, 637, 667, 668, 801, 802, 809, 810, 902, 903, 929, 953, 954, 962, 963, 979, 980, 981, 982, 983, 984, 985, 986, 987, 988, 993, 994, 995, 996, 1108, 1129, 1130, 1138, 1139, 1161, 1162, 1163, 1166, 1167, 1168, 1169, 1170, 1171, 1246, 1253, 1271, 1272, 1275, 1283, 1284, 1285, 1286, 1287, 1288, 1294, 1295, 1297, 1298, 1299, 1300, 1301, 1339, 1341, 1342, 1344, 1345, 1348, 1350, 1352, 1353, 1354, 1373, 1375, 1377, 1379, 1380, 1381, 1382, 1383, 1384, 1385, 1386, 1387, 1388, 1390], "excluded_lines": [37, 38, 39, 40], "functions": {"_sha256": {"executed_lines": [49], "summary": {"covered_lines": 1, "num_statements": 1, "percent_covered": 100.0, "percent_covered_display": "100", "missing_lines": 0, "excluded_lines": 0}, "missing_lines": [], "excluded_lines": []}, "_mask_bank_account": {"executed_lines": [54, 55], "summary": {"covered_lines": 2, "num_statements": 2, "percent_covered": 100.0, "percent_covered_display": "100", "missing_lines": 0, "excluded_lines": 0}, "missing_lines": [], "excluded_lines": []}, "mask_pii": {"executed_lines": [66, 67, 68, 69, 70, 71, 72, 73, 74, 75, 76], "summary": {"covered_lines": 11, "num_statements": 11, "percent_covered": 100.0, "percent_covered_display": "100", "missing_lines": 0, "excluded_lines": 0}, "missing_lines": [], "excluded_lines": []}, "_get_engine": {"executed_lines": [266, 267, 268], "summary": {"covered_lines": 3, "num_statements": 3, "percent_covered": 100.0, "percent_covered_display": "100", "missing_lines": 0, "excluded_lines": 0}, "missing_lines": [], "excluded_lines": []}, "compute_chain_hash": {"executed_lines": [314, 319, 320, 321, 323, 324, 325], "summary": {"covered_lines": 7, "num_statements": 7, "percent_covered": 100.0, "percent_covered_display": "100", "missing_lines": 0, "excluded_lines": 0}, "missing_lines": [], "excluded_lines": []}, "log_decision": {"executed_lines": [371, 372, 374, 375, 376, 379, 380, 381, 382, 383, 384, 386, 387, 388, 389, 392, 393, 395, 399, 401, 406, 408, 438, 449, 451, 452, 453, 454, 457, 463, 470, 477], "summary": {"covered_lines": 32, "num_statements": 36, "percent_covered": 88.88888888888889, "percent_covered_display": "89", "missing_lines": 4, "excluded_lines": 0}, "missing_lines": [402, 464, 465, 468], "excluded_lines": []}, "get_audit_record": {"executed_lines": [504, 505, 506, 508, 509, 510, 518, 519, 520, 522, 525, 526, 527, 528, 532], "summary": {"covered_lines": 15, "num_statements": 19, "percent_covered": 78.94736842105263, "percent_covered_display": "79", "missing_lines": 4, "excluded_lines": 0}, "missing_lines": [514, 516, 529, 530], "excluded_lines": []}, "log_portfolio_action": {"executed_lines": [576, 577, 579, 580, 582, 606, 617, 618, 619, 639, 645], "summary": {"covered_lines": 11, "num_statements": 18, "percent_covered": 61.111111111111114, "percent_covered_display": "61", "missing_lines": 7, "excluded_lines": 0}, "missing_lines": [620, 621, 626, 632, 633, 634, 637], "excluded_lines": []}, "get_portfolio_audit_records": {"executed_lines": [659, 660, 662, 663, 664, 670, 671], "summary": {"covered_lines": 7, "num_statements": 9, "percent_covered": 77.77777777777777, "percent_covered_display": "78", "missing_lines": 2, "excluded_lines": 0}, "missing_lines": [667, 668], "excluded_lines": []}, "log_governance_action": {"executed_lines": [754, 755, 757, 772, 773, 774, 775, 777, 781], "summary": {"covered_lines": 9, "num_statements": 9, "percent_covered": 100.0, "percent_covered_display": "100", "missing_lines": 0, "excluded_lines": 0}, "missing_lines": [], "excluded_lines": []}, "get_governance_audit_log": {"executed_lines": [794, 795, 796, 797, 803, 804, 805, 806, 807, 808, 811], "summary": {"covered_lines": 11, "num_statements": 15, "percent_covered": 73.33333333333333, "percent_covered_display": "73", "missing_lines": 4, "excluded_lines": 0}, "missing_lines": [801, 802, 809, 810], "excluded_lines": []}, "log_model_validation": {"executed_lines": [901, 908, 909, 911, 926, 927, 928, 931, 935], "summary": {"covered_lines": 9, "num_statements": 12, "percent_covered": 75.0, "percent_covered_display": "75", "missing_lines": 3, "excluded_lines": 0}, "missing_lines": [902, 903, 929], "excluded_lines": []}, "get_model_validations": {"executed_lines": [947, 948, 949, 950, 955, 956, 957, 958, 959, 960, 961, 964, 965], "summary": {"covered_lines": 13, "num_statements": 17, "percent_covered": 76.47058823529412, "percent_covered_display": "76", "missing_lines": 4, "excluded_lines": 0}, "missing_lines": [953, 954, 962, 963], "excluded_lines": []}, "check_validation_independence": {"executed_lines": [], "summary": {"covered_lines": 0, "num_statements": 14, "percent_covered": 0.0, "percent_covered_display": "0", "missing_lines": 14, "excluded_lines": 0}, "missing_lines": [979, 980, 981, 982, 983, 984, 985, 986, 987, 988, 993, 994, 995, 996], "excluded_lines": []}, "enqueue_adverse_action_notice": {"executed_lines": [1080, 1081, 1086, 1087, 1089, 1091, 1105, 1106, 1107, 1110, 1114], "summary": {"covered_lines": 11, "num_statements": 12, "percent_covered": 91.66666666666667, "percent_covered_display": "92", "missing_lines": 1, "excluded_lines": 0}, "missing_lines": [1108], "excluded_lines": []}, "get_adverse_action_pending": {"executed_lines": [1125, 1126, 1127, 1128, 1131, 1132, 1133, 1134, 1135, 1136, 1137, 1140, 1143], "summary": {"covered_lines": 13, "num_statements": 17, "percent_covered": 76.47058823529412, "percent_covered_display": "76", "missing_lines": 4, "excluded_lines": 0}, "missing_lines": [1129, 1130, 1138, 1139], "excluded_lines": []}, "get_adverse_action_overdue": {"executed_lines": [1154, 1155, 1156, 1157, 1158, 1164, 1165, 1172], "summary": {"covered_lines": 8, "num_statements": 17, "percent_covered": 47.05882352941177, "percent_covered_display": "47", "missing_lines": 9, "excluded_lines": 0}, "missing_lines": [1161, 1162, 1163, 1166, 1167, 1168, 1169, 1170, 1171], "excluded_lines": []}, "migrate_audit_schema": {"executed_lines": [1221, 1222, 1224, 1229, 1235, 1236, 1237, 1239, 1240, 1241, 1242, 1245, 1255, 1258, 1260, 1261, 1262, 1268], "summary": {"covered_lines": 18, "num_statements": 23, "percent_covered": 78.26086956521739, "percent_covered_display": "78", "missing_lines": 5, "excluded_lines": 0}, "missing_lines": [1246, 1253, 1271, 1272, 1275], "excluded_lines": []}, "audit_schema_version": {"executed_lines": [], "summary": {"covered_lines": 0, "num_statements": 13, "percent_covered": 0.0, "percent_covered_display": "0", "missing_lines": 13, "excluded_lines": 0}, "missing_lines": [1283, 1284, 1285, 1286, 1287, 1288, 1294, 1295, 1297, 1298, 1299, 1300, 1301], "excluded_lines": []}, "get_audit_records_by_period": {"executed_lines": [], "summary": {"covered_lines": 0, "num_statements": 24, "percent_covered": 0.0, "percent_covered_display": "0", "missing_lines": 24, "excluded_lines": 0}, "missing_lines": [1339, 1341, 1342, 1344, 1345, 1348, 1350, 1352, 1353, 1354, 1373, 1375, 1377, 1379, 1380, 1381, 1382, 1383, 1384, 1385, 1386, 1387, 1388, 1390], "excluded_lines": []}, "": {"executed_lines": [1, 19, 21, 22, 23, 24, 25, 26, 28, 29, 30, 32, 35, 36, 47, 52, 58, 83, 117, 139, 163, 174, 202, 226, 252, 262, 265, 275, 333, 480, 540, 648, 678, 699, 713, 721, 784, 818, 839, 853, 860, 938, 968, 1003, 1023, 1037, 1043, 1051, 1117, 1146, 1179, 1208, 1278, 1309], "summary": {"covered_lines": 53, "num_statements": 53, "percent_covered": 100.0, "percent_covered_display": "100", "missing_lines": 0, "excluded_lines": 4}, "missing_lines": [], "excluded_lines": [37, 38, 39, 40]}}, "classes": {"": {"executed_lines": [1, 19, 21, 22, 23, 24, 25, 26, 28, 29, 30, 32, 35, 36, 47, 49, 52, 54, 55, 58, 66, 67, 68, 69, 70, 71, 72, 73, 74, 75, 76, 83, 117, 139, 163, 174, 202, 226, 252, 262, 265, 266, 267, 268, 275, 314, 319, 320, 321, 323, 324, 325, 333, 371, 372, 374, 375, 376, 379, 380, 381, 382, 383, 384, 386, 387, 388, 389, 392, 393, 395, 399, 401, 406, 408, 438, 449, 451, 452, 453, 454, 457, 463, 470, 477, 480, 504, 505, 506, 508, 509, 510, 518, 519, 520, 522, 525, 526, 527, 528, 532, 540, 576, 577, 579, 580, 582, 606, 617, 618, 619, 639, 645, 648, 659, 660, 662, 663, 664, 670, 671, 678, 699, 713, 721, 754, 755, 757, 772, 773, 774, 775, 777, 781, 784, 794, 795, 796, 797, 803, 804, 805, 806, 807, 808, 811, 818, 839, 853, 860, 901, 908, 909, 911, 926, 927, 928, 931, 935, 938, 947, 948, 949, 950, 955, 956, 957, 958, 959, 960, 961, 964, 965, 968, 1003, 1023, 1037, 1043, 1051, 1080, 1081, 1086, 1087, 1089, 1091, 1105, 1106, 1107, 1110, 1114, 1117, 1125, 1126, 1127, 1128, 1131, 1132, 1133, 1134, 1135, 1136, 1137, 1140, 1143, 1146, 1154, 1155, 1156, 1157, 1158, 1164, 1165, 1172, 1179, 1208, 1221, 1222, 1224, 1229, 1235, 1236, 1237, 1239, 1240, 1241, 1242, 1245, 1255, 1258, 1260, 1261, 1262, 1268, 1278, 1309], "summary": {"covered_lines": 234, "num_statements": 332, "percent_covered": 70.48192771084338, "percent_covered_display": "70", "missing_lines": 98, "excluded_lines": 4}, "missing_lines": [402, 464, 465, 468, 514, 516, 529, 530, 620, 621, 626, 632, 633, 634, 637, 667, 668, 801, 802, 809, 810, 902, 903, 929, 953, 954, 962, 963, 979, 980, 981, 982, 983, 984, 985, 986, 987, 988, 993, 994, 995, 996, 1108, 1129, 1130, 1138, 1139, 1161, 1162, 1163, 1166, 1167, 1168, 1169, 1170, 1171, 1246, 1253, 1271, 1272, 1275, 1283, 1284, 1285, 1286, 1287, 1288, 1294, 1295, 1297, 1298, 1299, 1300, 1301, 1339, 1341, 1342, 1344, 1345, 1348, 1350, 1352, 1353, 1354, 1373, 1375, 1377, 1379, 1380, 1381, 1382, 1383, 1384, 1385, 1386, 1387, 1388, 1390], "excluded_lines": [37, 38, 39, 40]}}}, "audit/override_log.py": {"executed_lines": [1, 21, 23, 24, 25, 26, 27, 28, 29, 31, 32, 38, 41, 42, 43, 44, 51, 74, 75, 76, 94, 95, 96, 97, 98, 99, 100, 101, 102, 103, 106, 107, 115, 117, 118, 119, 127, 129, 130, 133, 136, 144, 145, 153, 176, 177, 179, 182, 183, 186, 189, 206, 209, 232, 233, 235, 237, 246, 249, 250, 259, 260, 262, 264, 265, 266, 269, 290, 291, 293, 294, 306, 308, 309, 311, 318, 319, 320, 321, 322, 325, 332, 333, 334, 335, 337, 339], "summary": {"covered_lines": 85, "num_statements": 86, "percent_covered": 98.83720930232558, "percent_covered_display": "99", "missing_lines": 1, "excluded_lines": 0}, "missing_lines": [326], "excluded_lines": [], "functions": {"_get_engine": {"executed_lines": [42, 43, 44], "summary": {"covered_lines": 3, "num_statements": 3, "percent_covered": 100.0, "percent_covered_display": "100", "missing_lines": 0, "excluded_lines": 0}, "missing_lines": [], "excluded_lines": []}, "_compute_record_hash": {"executed_lines": [117, 118, 119], "summary": {"covered_lines": 3, "num_statements": 3, "percent_covered": 100.0, "percent_covered_display": "100", "missing_lines": 0, "excluded_lines": 0}, "missing_lines": [], "excluded_lines": []}, "_ensure_table": {"executed_lines": [129, 130], "summary": {"covered_lines": 2, "num_statements": 2, "percent_covered": 100.0, "percent_covered_display": "100", "missing_lines": 0, "excluded_lines": 0}, "missing_lines": [], "excluded_lines": []}, "_fetch_previous_hash": {"executed_lines": [136, 144, 145], "summary": {"covered_lines": 3, "num_statements": 3, "percent_covered": 100.0, "percent_covered_display": "100", "missing_lines": 0, "excluded_lines": 0}, "missing_lines": [], "excluded_lines": []}, "log_override": {"executed_lines": [176, 177, 179, 182, 183, 186, 189, 206], "summary": {"covered_lines": 8, "num_statements": 8, "percent_covered": 100.0, "percent_covered_display": "100", "missing_lines": 0, "excluded_lines": 0}, "missing_lines": [], "excluded_lines": []}, "get_override_rate": {"executed_lines": [232, 233, 235, 237, 246, 249, 250, 259, 260, 262, 264, 265, 266], "summary": {"covered_lines": 13, "num_statements": 13, "percent_covered": 100.0, "percent_covered_display": "100", "missing_lines": 0, "excluded_lines": 0}, "missing_lines": [], "excluded_lines": []}, "verify_override_chain": {"executed_lines": [290, 291, 293, 294, 306, 308, 309, 311, 318, 319, 320, 321, 322, 325, 332, 333, 334, 335, 337, 339], "summary": {"covered_lines": 20, "num_statements": 21, "percent_covered": 95.23809523809524, "percent_covered_display": "95", "missing_lines": 1, "excluded_lines": 0}, "missing_lines": [326], "excluded_lines": []}, "": {"executed_lines": [1, 21, 23, 24, 25, 26, 27, 28, 29, 31, 32, 38, 41, 51, 74, 75, 76, 94, 95, 96, 97, 98, 99, 100, 101, 102, 103, 106, 107, 115, 127, 133, 153, 209, 269], "summary": {"covered_lines": 33, "num_statements": 33, "percent_covered": 100.0, "percent_covered_display": "100", "missing_lines": 0, "excluded_lines": 0}, "missing_lines": [], "excluded_lines": []}}, "classes": {"PolicyOverrideRecord": {"executed_lines": [], "summary": {"covered_lines": 0, "num_statements": 0, "percent_covered": 100.0, "percent_covered_display": "100", "missing_lines": 0, "excluded_lines": 0}, "missing_lines": [], "excluded_lines": []}, "": {"executed_lines": [1, 21, 23, 24, 25, 26, 27, 28, 29, 31, 32, 38, 41, 42, 43, 44, 51, 74, 75, 76, 94, 95, 96, 97, 98, 99, 100, 101, 102, 103, 106, 107, 115, 117, 118, 119, 127, 129, 130, 133, 136, 144, 145, 153, 176, 177, 179, 182, 183, 186, 189, 206, 209, 232, 233, 235, 237, 246, 249, 250, 259, 260, 262, 264, 265, 266, 269, 290, 291, 293, 294, 306, 308, 309, 311, 318, 319, 320, 321, 322, 325, 332, 333, 334, 335, 337, 339], "summary": {"covered_lines": 85, "num_statements": 86, "percent_covered": 98.83720930232558, "percent_covered_display": "99", "missing_lines": 1, "excluded_lines": 0}, "missing_lines": [326], "excluded_lines": []}}}, "audit/replay_bundle.py": {"executed_lines": [1, 31, 33, 34, 35, 36, 37, 38, 40, 48, 49, 50, 92, 93, 94, 95, 96, 97, 98, 99, 100, 101, 102, 103, 104, 105, 106, 114, 116, 117, 118, 119, 120, 121, 122, 128, 137, 170], "summary": {"covered_lines": 36, "num_statements": 106, "percent_covered": 33.9622641509434, "percent_covered_display": "34", "missing_lines": 70, "excluded_lines": 0}, "missing_lines": [123, 124, 125, 133, 134, 143, 145, 146, 147, 148, 149, 150, 153, 154, 158, 159, 160, 162, 198, 206, 210, 211, 213, 214, 215, 216, 220, 221, 222, 224, 225, 227, 230, 231, 232, 233, 234, 235, 237, 238, 239, 240, 241, 242, 243, 244, 245, 250, 251, 252, 253, 254, 255, 256, 257, 258, 263, 264, 265, 266, 267, 268, 269, 270, 271, 276, 277, 284, 300, 302], "excluded_lines": [], "functions": {"_sha256_file": {"executed_lines": [116, 117, 118, 119, 120, 121, 122], "summary": {"covered_lines": 7, "num_statements": 10, "percent_covered": 70.0, "percent_covered_display": "70", "missing_lines": 3, "excluded_lines": 0}, "missing_lines": [123, 124, 125], "excluded_lines": []}, "_compute_bundle_sha256": {"executed_lines": [], "summary": {"covered_lines": 0, "num_statements": 2, "percent_covered": 0.0, "percent_covered_display": "0", "missing_lines": 2, "excluded_lines": 0}, "missing_lines": [133, 134], "excluded_lines": []}, "_extract_model_paths": {"executed_lines": [], "summary": {"covered_lines": 0, "num_statements": 13, "percent_covered": 0.0, "percent_covered_display": "0", "missing_lines": 13, "excluded_lines": 0}, "missing_lines": [143, 145, 146, 147, 148, 149, 150, 153, 154, 158, 159, 160, 162], "excluded_lines": []}, "build_replay_bundle": {"executed_lines": [], "summary": {"covered_lines": 0, "num_statements": 52, "percent_covered": 0.0, "percent_covered_display": "0", "missing_lines": 52, "excluded_lines": 0}, "missing_lines": [198, 206, 210, 211, 213, 214, 215, 216, 220, 221, 222, 224, 225, 227, 230, 231, 232, 233, 234, 235, 237, 238, 239, 240, 241, 242, 243, 244, 245, 250, 251, 252, 253, 254, 255, 256, 257, 258, 263, 264, 265, 266, 267, 268, 269, 270, 271, 276, 277, 284, 300, 302], "excluded_lines": []}, "": {"executed_lines": [1, 31, 33, 34, 35, 36, 37, 38, 40, 48, 49, 50, 92, 93, 94, 95, 96, 97, 98, 99, 100, 101, 102, 103, 104, 105, 106, 114, 128, 137, 170], "summary": {"covered_lines": 29, "num_statements": 29, "percent_covered": 100.0, "percent_covered_display": "100", "missing_lines": 0, "excluded_lines": 0}, "missing_lines": [], "excluded_lines": []}}, "classes": {"ReplayBundle": {"executed_lines": [], "summary": {"covered_lines": 0, "num_statements": 0, "percent_covered": 100.0, "percent_covered_display": "100", "missing_lines": 0, "excluded_lines": 0}, "missing_lines": [], "excluded_lines": []}, "": {"executed_lines": [1, 31, 33, 34, 35, 36, 37, 38, 40, 48, 49, 50, 92, 93, 94, 95, 96, 97, 98, 99, 100, 101, 102, 103, 104, 105, 106, 114, 116, 117, 118, 119, 120, 121, 122, 128, 137, 170], "summary": {"covered_lines": 36, "num_statements": 106, "percent_covered": 33.9622641509434, "percent_covered_display": "34", "missing_lines": 70, "excluded_lines": 0}, "missing_lines": [123, 124, 125, 133, 134, 143, 145, 146, 147, 148, 149, 150, 153, 154, 158, 159, 160, 162, 198, 206, 210, 211, 213, 214, 215, 216, 220, 221, 222, 224, 225, 227, 230, 231, 232, 233, 234, 235, 237, 238, 239, 240, 241, 242, 243, 244, 245, 250, 251, 252, 253, 254, 255, 256, 257, 258, 263, 264, 265, 266, 267, 268, 269, 270, 271, 276, 277, 284, 300, 302], "excluded_lines": []}}}, "audit/tenant_guard.py": {"executed_lines": [1, 28, 30, 31, 32, 33, 34, 35, 36, 38, 45, 46, 47, 61, 62, 63, 70, 79, 80, 95, 96, 97, 99, 107, 115, 116, 117, 120, 128, 140, 141, 143, 144, 145, 146, 148, 149, 151, 159, 181, 186, 191], "summary": {"covered_lines": 40, "num_statements": 40, "percent_covered": 100.0, "percent_covered_display": "100", "missing_lines": 0, "excluded_lines": 1}, "missing_lines": [], "excluded_lines": [1], "functions": {"scoped_tenant": {"executed_lines": [95, 96, 97, 99], "summary": {"covered_lines": 4, "num_statements": 4, "percent_covered": 100.0, "percent_covered_display": "100", "missing_lines": 0, "excluded_lines": 0}, "missing_lines": [], "excluded_lines": []}, "require_tenant_context": {"executed_lines": [115, 116, 117, 120], "summary": {"covered_lines": 4, "num_statements": 4, "percent_covered": 100.0, "percent_covered_display": "100", "missing_lines": 0, "excluded_lines": 0}, "missing_lines": [], "excluded_lines": []}, "tenant_scoped": {"executed_lines": [140, 141, 143, 144, 151], "summary": {"covered_lines": 5, "num_statements": 5, "percent_covered": 100.0, "percent_covered_display": "100", "missing_lines": 0, "excluded_lines": 0}, "missing_lines": [], "excluded_lines": []}, "tenant_scoped.wrapper": {"executed_lines": [145, 146, 148, 149], "summary": {"covered_lines": 4, "num_statements": 4, "percent_covered": 100.0, "percent_covered_display": "100", "missing_lines": 0, "excluded_lines": 0}, "missing_lines": [], "excluded_lines": []}, "admin_override": {"executed_lines": [181, 186, 191], "summary": {"covered_lines": 3, "num_statements": 3, "percent_covered": 100.0, "percent_covered_display": "100", "missing_lines": 0, "excluded_lines": 0}, "missing_lines": [], "excluded_lines": []}, "": {"executed_lines": [1, 28, 30, 31, 32, 33, 34, 35, 36, 38, 45, 46, 47, 61, 62, 63, 70, 79, 80, 107, 128, 159], "summary": {"covered_lines": 20, "num_statements": 20, "percent_covered": 100.0, "percent_covered_display": "100", "missing_lines": 0, "excluded_lines": 1}, "missing_lines": [], "excluded_lines": [1]}}, "classes": {"TenantContext": {"executed_lines": [], "summary": {"covered_lines": 0, "num_statements": 0, "percent_covered": 100.0, "percent_covered_display": "100", "missing_lines": 0, "excluded_lines": 0}, "missing_lines": [], "excluded_lines": []}, "": {"executed_lines": [1, 28, 30, 31, 32, 33, 34, 35, 36, 38, 45, 46, 47, 61, 62, 63, 70, 79, 80, 95, 96, 97, 99, 107, 115, 116, 117, 120, 128, 140, 141, 143, 144, 145, 146, 148, 149, 151, 159, 181, 186, 191], "summary": {"covered_lines": 40, "num_statements": 40, "percent_covered": 100.0, "percent_covered_display": "100", "missing_lines": 0, "excluded_lines": 1}, "missing_lines": [], "excluded_lines": [1]}}}, "audit/tests/__init__.py": {"executed_lines": [1], "summary": {"covered_lines": 0, "num_statements": 0, "percent_covered": 100.0, "percent_covered_display": "100", "missing_lines": 0, "excluded_lines": 0}, "missing_lines": [], "excluded_lines": [], "functions": {"": {"executed_lines": [], "summary": {"covered_lines": 0, "num_statements": 0, "percent_covered": 100.0, "percent_covered_display": "100", "missing_lines": 0, "excluded_lines": 0}, "missing_lines": [], "excluded_lines": []}}, "classes": {"": {"executed_lines": [], "summary": {"covered_lines": 0, "num_statements": 0, "percent_covered": 100.0, "percent_covered_display": "100", "missing_lines": 0, "excluded_lines": 0}, "missing_lines": [], "excluded_lines": []}}}, "audit/tests/test_chain_verifier.py": {"executed_lines": [1, 4, 6, 7, 8, 10, 13, 14, 15, 18, 20, 21, 23, 24, 25, 26, 29, 30, 31, 32, 33, 34, 39, 40, 42, 43, 45, 47, 48, 57, 59, 61, 62, 63, 64, 66, 69, 70, 72, 73, 75, 77, 78, 79, 87, 90, 91, 96, 98, 100, 101, 103, 106, 107, 109, 110, 112, 114, 115, 116, 124, 127, 128, 133, 135, 138, 140, 143, 144, 146, 147, 149, 151, 152, 153, 161, 164, 165, 170, 172, 177, 178, 180], "summary": {"covered_lines": 82, "num_statements": 82, "percent_covered": 100.0, "percent_covered_display": "100", "missing_lines": 0, "excluded_lines": 0}, "missing_lines": [], "excluded_lines": [], "functions": {"_make_url": {"executed_lines": [14, 15], "summary": {"covered_lines": 2, "num_statements": 2, "percent_covered": 100.0, "percent_covered_display": "100", "missing_lines": 0, "excluded_lines": 0}, "missing_lines": [], "excluded_lines": []}, "_setup": {"executed_lines": [20, 21, 23, 24, 25, 26], "summary": {"covered_lines": 6, "num_statements": 6, "percent_covered": 100.0, "percent_covered_display": "100", "missing_lines": 0, "excluded_lines": 0}, "missing_lines": [], "excluded_lines": []}, "FakeDecisionResult.__init__": {"executed_lines": [31, 32, 33, 34], "summary": {"covered_lines": 4, "num_statements": 4, "percent_covered": 100.0, "percent_covered_display": "100", "missing_lines": 0, "excluded_lines": 0}, "missing_lines": [], "excluded_lines": []}, "test_verify_clean_chain": {"executed_lines": [42, 43, 45, 47, 48, 57, 59, 61, 62, 63, 64, 66], "summary": {"covered_lines": 12, "num_statements": 12, "percent_covered": 100.0, "percent_covered_display": "100", "missing_lines": 0, "excluded_lines": 0}, "missing_lines": [], "excluded_lines": []}, "test_verify_detects_tampered_row": {"executed_lines": [72, 73, 75, 77, 78, 79, 87, 90, 91, 96, 98, 100, 101, 103], "summary": {"covered_lines": 14, "num_statements": 14, "percent_covered": 100.0, "percent_covered_display": "100", "missing_lines": 0, "excluded_lines": 0}, "missing_lines": [], "excluded_lines": []}, "test_verify_detects_gap": {"executed_lines": [109, 110, 112, 114, 115, 116, 124, 127, 128, 133, 135, 138, 140], "summary": {"covered_lines": 13, "num_statements": 13, "percent_covered": 100.0, "percent_covered_display": "100", "missing_lines": 0, "excluded_lines": 0}, "missing_lines": [], "excluded_lines": []}, "test_null_record_hash_rows_skipped": {"executed_lines": [146, 147, 149, 151, 152, 153, 161, 164, 165, 170, 172, 177, 178, 180], "summary": {"covered_lines": 14, "num_statements": 14, "percent_covered": 100.0, "percent_covered_display": "100", "missing_lines": 0, "excluded_lines": 0}, "missing_lines": [], "excluded_lines": []}, "": {"executed_lines": [1, 4, 6, 7, 8, 10, 13, 18, 29, 30, 39, 40, 69, 70, 106, 107, 143, 144], "summary": {"covered_lines": 17, "num_statements": 17, "percent_covered": 100.0, "percent_covered_display": "100", "missing_lines": 0, "excluded_lines": 0}, "missing_lines": [], "excluded_lines": []}}, "classes": {"FakeDecisionResult": {"executed_lines": [31, 32, 33, 34], "summary": {"covered_lines": 4, "num_statements": 4, "percent_covered": 100.0, "percent_covered_display": "100", "missing_lines": 0, "excluded_lines": 0}, "missing_lines": [], "excluded_lines": []}, "": {"executed_lines": [1, 4, 6, 7, 8, 10, 13, 14, 15, 18, 20, 21, 23, 24, 25, 26, 29, 30, 39, 40, 42, 43, 45, 47, 48, 57, 59, 61, 62, 63, 64, 66, 69, 70, 72, 73, 75, 77, 78, 79, 87, 90, 91, 96, 98, 100, 101, 103, 106, 107, 109, 110, 112, 114, 115, 116, 124, 127, 128, 133, 135, 138, 140, 143, 144, 146, 147, 149, 151, 152, 153, 161, 164, 165, 170, 172, 177, 178, 180], "summary": {"covered_lines": 78, "num_statements": 78, "percent_covered": 100.0, "percent_covered_display": "100", "missing_lines": 0, "excluded_lines": 0}, "missing_lines": [], "excluded_lines": []}}}, "audit/tests/test_consistency_scorer.py": {"executed_lines": [], "summary": {"covered_lines": 0, "num_statements": 76, "percent_covered": 0.0, "percent_covered_display": "0", "missing_lines": 76, "excluded_lines": 0}, "missing_lines": [8, 10, 11, 12, 13, 14, 15, 17, 24, 32, 52, 53, 54, 55, 58, 59, 60, 61, 69, 70, 71, 72, 74, 75, 77, 82, 84, 92, 93, 94, 95, 96, 97, 100, 101, 102, 103, 105, 107, 109, 114, 116, 124, 125, 126, 129, 130, 131, 132, 134, 136, 138, 143, 145, 153, 154, 155, 156, 157, 160, 161, 162, 163, 165, 166, 168, 169, 178, 179, 180, 181, 183, 185, 197, 198, 202], "excluded_lines": [], "functions": {"_make_mock_record": {"executed_lines": [], "summary": {"covered_lines": 0, "num_statements": 1, "percent_covered": 0.0, "percent_covered_display": "0", "missing_lines": 1, "excluded_lines": 0}, "missing_lines": [32], "excluded_lines": []}, "_make_fraud_df": {"executed_lines": [], "summary": {"covered_lines": 0, "num_statements": 3, "percent_covered": 0.0, "percent_covered_display": "0", "missing_lines": 3, "excluded_lines": 0}, "missing_lines": [53, 54, 55], "excluded_lines": []}, "_make_credit_df": {"executed_lines": [], "summary": {"covered_lines": 0, "num_statements": 3, "percent_covered": 0.0, "percent_covered_display": "0", "missing_lines": 3, "excluded_lines": 0}, "missing_lines": [59, 60, 61], "excluded_lines": []}, "test_identical_replay": {"executed_lines": [], "summary": {"covered_lines": 0, "num_statements": 11, "percent_covered": 0.0, "percent_covered_display": "0", "missing_lines": 11, "excluded_lines": 0}, "missing_lines": [74, 75, 77, 82, 84, 92, 93, 94, 95, 96, 97], "excluded_lines": []}, "test_model_drift_detected": {"executed_lines": [], "summary": {"covered_lines": 0, "num_statements": 8, "percent_covered": 0.0, "percent_covered_display": "0", "missing_lines": 8, "excluded_lines": 0}, "missing_lines": [105, 107, 109, 114, 116, 124, 125, 126], "excluded_lines": []}, "test_decision_flip_score_zero": {"executed_lines": [], "summary": {"covered_lines": 0, "num_statements": 10, "percent_covered": 0.0, "percent_covered_display": "0", "missing_lines": 10, "excluded_lines": 0}, "missing_lines": [134, 136, 138, 143, 145, 153, 154, 155, 156, 157], "excluded_lines": []}, "test_not_found_raises_value_error": {"executed_lines": [], "summary": {"covered_lines": 0, "num_statements": 4, "percent_covered": 0.0, "percent_covered_display": "0", "missing_lines": 4, "excluded_lines": 0}, "missing_lines": [165, 166, 168, 169], "excluded_lines": []}, "test_consistency_result_fields": {"executed_lines": [], "summary": {"covered_lines": 0, "num_statements": 5, "percent_covered": 0.0, "percent_covered_display": "0", "missing_lines": 5, "excluded_lines": 0}, "missing_lines": [183, 185, 197, 198, 202], "excluded_lines": []}, "": {"executed_lines": [], "summary": {"covered_lines": 0, "num_statements": 31, "percent_covered": 0.0, "percent_covered_display": "0", "missing_lines": 31, "excluded_lines": 0}, "missing_lines": [8, 10, 11, 12, 13, 14, 15, 17, 24, 52, 58, 69, 70, 71, 72, 100, 101, 102, 103, 129, 130, 131, 132, 160, 161, 162, 163, 178, 179, 180, 181], "excluded_lines": []}}, "classes": {"": {"executed_lines": [], "summary": {"covered_lines": 0, "num_statements": 76, "percent_covered": 0.0, "percent_covered_display": "0", "missing_lines": 76, "excluded_lines": 0}, "missing_lines": [8, 10, 11, 12, 13, 14, 15, 17, 24, 32, 52, 53, 54, 55, 58, 59, 60, 61, 69, 70, 71, 72, 74, 75, 77, 82, 84, 92, 93, 94, 95, 96, 97, 100, 101, 102, 103, 105, 107, 109, 114, 116, 124, 125, 126, 129, 130, 131, 132, 134, 136, 138, 143, 145, 153, 154, 155, 156, 157, 160, 161, 162, 163, 165, 166, 168, 169, 178, 179, 180, 181, 183, 185, 197, 198, 202], "excluded_lines": []}}}, "audit/tests/test_hash_chain_migration.py": {"executed_lines": [1, 5, 7, 8, 9, 11, 12, 14, 21, 23, 24, 26, 28, 29, 30, 33, 34, 36, 37, 38, 45, 46, 48, 49, 50, 52, 54, 56, 57, 58, 59, 60, 62, 65, 66, 68, 69, 70, 72, 74, 76, 79, 80, 82, 83, 84, 86, 88, 89, 90, 91, 92, 94, 103, 105, 107, 108, 112, 114, 115, 116, 118, 125, 126, 128, 129, 130, 132, 134, 136, 137, 138, 139, 140, 141, 143, 144, 145, 153, 155, 157, 158, 166, 168, 171, 176, 179, 181, 184, 185, 187, 188, 189, 191, 193, 195, 196, 197, 198, 199, 201, 210, 212, 213, 217, 219, 220, 222, 225, 226, 228, 229, 230, 232, 234, 236, 237, 238, 239, 240, 241, 243, 244, 253, 255, 256, 260, 262, 263, 264, 265, 266, 268], "summary": {"covered_lines": 132, "num_statements": 132, "percent_covered": 100.0, "percent_covered_display": "100", "missing_lines": 0, "excluded_lines": 0}, "missing_lines": [], "excluded_lines": [], "functions": {"_fresh_engine": {"executed_lines": [23, 24, 26, 28, 29, 30], "summary": {"covered_lines": 6, "num_statements": 6, "percent_covered": 100.0, "percent_covered_display": "100", "missing_lines": 0, "excluded_lines": 0}, "missing_lines": [], "excluded_lines": []}, "_column_names": {"executed_lines": [34, 36, 37, 38], "summary": {"covered_lines": 4, "num_statements": 4, "percent_covered": 100.0, "percent_covered_display": "100", "missing_lines": 0, "excluded_lines": 0}, "missing_lines": [], "excluded_lines": []}, "test_migrate_adds_hash_columns": {"executed_lines": [48, 49, 50, 52, 54, 56, 57, 58, 59, 60, 62], "summary": {"covered_lines": 11, "num_statements": 11, "percent_covered": 100.0, "percent_covered_display": "100", "missing_lines": 0, "excluded_lines": 0}, "missing_lines": [], "excluded_lines": []}, "test_migrate_idempotent": {"executed_lines": [68, 69, 70, 72, 74, 76], "summary": {"covered_lines": 6, "num_statements": 6, "percent_covered": 100.0, "percent_covered_display": "100", "missing_lines": 0, "excluded_lines": 0}, "missing_lines": [], "excluded_lines": []}, "test_migrate_does_not_alter_existing_rows": {"executed_lines": [82, 83, 84, 86, 88, 89, 90, 91, 92, 94, 103, 105, 107, 108, 112, 114, 115, 116, 118], "summary": {"covered_lines": 19, "num_statements": 19, "percent_covered": 100.0, "percent_covered_display": "100", "missing_lines": 0, "excluded_lines": 0}, "missing_lines": [], "excluded_lines": []}, "test_hash_chain_linked": {"executed_lines": [128, 129, 130, 132, 134, 136, 137, 143, 144, 145, 153, 155, 157, 158, 166, 168, 171, 176, 179, 181], "summary": {"covered_lines": 20, "num_statements": 20, "percent_covered": 100.0, "percent_covered_display": "100", "missing_lines": 0, "excluded_lines": 0}, "missing_lines": [], "excluded_lines": []}, "test_hash_chain_linked.FakeResult.__init__": {"executed_lines": [138, 139, 140, 141], "summary": {"covered_lines": 4, "num_statements": 4, "percent_covered": 100.0, "percent_covered_display": "100", "missing_lines": 0, "excluded_lines": 0}, "missing_lines": [], "excluded_lines": []}, "test_first_row_empty_previous_hash": {"executed_lines": [187, 188, 189, 191, 193, 195, 196, 197, 198, 199, 201, 210, 212, 213, 217, 219, 220, 222], "summary": {"covered_lines": 18, "num_statements": 18, "percent_covered": 100.0, "percent_covered_display": "100", "missing_lines": 0, "excluded_lines": 0}, "missing_lines": [], "excluded_lines": []}, "test_record_hash_is_64_char_hex": {"executed_lines": [228, 229, 230, 232, 234, 236, 237, 243, 244, 253, 255, 256, 260, 262, 263, 264, 265, 266, 268], "summary": {"covered_lines": 19, "num_statements": 19, "percent_covered": 100.0, "percent_covered_display": "100", "missing_lines": 0, "excluded_lines": 0}, "missing_lines": [], "excluded_lines": []}, "test_record_hash_is_64_char_hex.FakeResult.__init__": {"executed_lines": [238, 239, 240, 241], "summary": {"covered_lines": 4, "num_statements": 4, "percent_covered": 100.0, "percent_covered_display": "100", "missing_lines": 0, "excluded_lines": 0}, "missing_lines": [], "excluded_lines": []}, "": {"executed_lines": [1, 5, 7, 8, 9, 11, 12, 14, 21, 33, 45, 46, 65, 66, 79, 80, 125, 126, 184, 185, 225, 226], "summary": {"covered_lines": 21, "num_statements": 21, "percent_covered": 100.0, "percent_covered_display": "100", "missing_lines": 0, "excluded_lines": 0}, "missing_lines": [], "excluded_lines": []}}, "classes": {"test_migrate_does_not_alter_existing_rows.FakeResult": {"executed_lines": [], "summary": {"covered_lines": 0, "num_statements": 0, "percent_covered": 100.0, "percent_covered_display": "100", "missing_lines": 0, "excluded_lines": 0}, "missing_lines": [], "excluded_lines": []}, "test_hash_chain_linked.FakeResult": {"executed_lines": [138, 139, 140, 141], "summary": {"covered_lines": 4, "num_statements": 4, "percent_covered": 100.0, "percent_covered_display": "100", "missing_lines": 0, "excluded_lines": 0}, "missing_lines": [], "excluded_lines": []}, "test_first_row_empty_previous_hash.FakeResult": {"executed_lines": [], "summary": {"covered_lines": 0, "num_statements": 0, "percent_covered": 100.0, "percent_covered_display": "100", "missing_lines": 0, "excluded_lines": 0}, "missing_lines": [], "excluded_lines": []}, "test_record_hash_is_64_char_hex.FakeResult": {"executed_lines": [238, 239, 240, 241], "summary": {"covered_lines": 4, "num_statements": 4, "percent_covered": 100.0, "percent_covered_display": "100", "missing_lines": 0, "excluded_lines": 0}, "missing_lines": [], "excluded_lines": []}, "": {"executed_lines": [1, 5, 7, 8, 9, 11, 12, 14, 21, 23, 24, 26, 28, 29, 30, 33, 34, 36, 37, 38, 45, 46, 48, 49, 50, 52, 54, 56, 57, 58, 59, 60, 62, 65, 66, 68, 69, 70, 72, 74, 76, 79, 80, 82, 83, 84, 86, 88, 89, 90, 91, 92, 94, 103, 105, 107, 108, 112, 114, 115, 116, 118, 125, 126, 128, 129, 130, 132, 134, 136, 137, 143, 144, 145, 153, 155, 157, 158, 166, 168, 171, 176, 179, 181, 184, 185, 187, 188, 189, 191, 193, 195, 196, 197, 198, 199, 201, 210, 212, 213, 217, 219, 220, 222, 225, 226, 228, 229, 230, 232, 234, 236, 237, 243, 244, 253, 255, 256, 260, 262, 263, 264, 265, 266, 268], "summary": {"covered_lines": 124, "num_statements": 124, "percent_covered": 100.0, "percent_covered_display": "100", "missing_lines": 0, "excluded_lines": 0}, "missing_lines": [], "excluded_lines": []}}}, "audit/tests/test_logger.py": {"executed_lines": [1, 7, 9, 10, 11, 12, 14, 15, 17, 19, 28, 30, 37, 38, 40, 48, 49, 51, 62, 63, 64, 77, 78, 79, 80, 81, 83, 84, 86, 87, 89, 90, 91, 93, 94, 95, 97, 98, 100, 102, 103, 104, 105, 107, 108, 109, 110, 112, 113, 114, 116, 117, 118, 119, 121, 122, 123, 124, 126, 127, 128, 129, 137, 138, 139, 145, 153, 154, 156, 162, 165, 168, 170, 176, 179, 180, 181, 183, 189, 192, 193, 195, 201, 204, 205, 207, 212, 213, 214, 216, 217, 218, 220, 225, 231, 232, 233, 235, 240, 242, 243, 244, 245, 246, 247, 249, 250, 251, 253, 254, 255, 257, 258, 260], "summary": {"covered_lines": 113, "num_statements": 114, "percent_covered": 99.12280701754386, "percent_covered_display": "99", "missing_lines": 1, "excluded_lines": 0}, "missing_lines": [261], "excluded_lines": [], "functions": {"sample_decision_result": {"executed_lines": [40], "summary": {"covered_lines": 1, "num_statements": 1, "percent_covered": 100.0, "percent_covered_display": "100", "missing_lines": 0, "excluded_lines": 0}, "missing_lines": [], "excluded_lines": []}, "sample_input_features": {"executed_lines": [51], "summary": {"covered_lines": 1, "num_statements": 1, "percent_covered": 100.0, "percent_covered_display": "100", "missing_lines": 0, "excluded_lines": 0}, "missing_lines": [], "excluded_lines": []}, "sample_model_versions": {"executed_lines": [64], "summary": {"covered_lines": 1, "num_statements": 1, "percent_covered": 100.0, "percent_covered_display": "100", "missing_lines": 0, "excluded_lines": 0}, "missing_lines": [], "excluded_lines": []}, "TestMaskPii.test_sha256_produces_64_char_hex": {"executed_lines": [79, 80, 81], "summary": {"covered_lines": 3, "num_statements": 3, "percent_covered": 100.0, "percent_covered_display": "100", "missing_lines": 0, "excluded_lines": 0}, "missing_lines": [], "excluded_lines": []}, "TestMaskPii.test_sha256_deterministic": {"executed_lines": [84], "summary": {"covered_lines": 1, "num_statements": 1, "percent_covered": 100.0, "percent_covered_display": "100", "missing_lines": 0, "excluded_lines": 0}, "missing_lines": [], "excluded_lines": []}, "TestMaskPii.test_sha256_different_inputs": {"executed_lines": [87], "summary": {"covered_lines": 1, "num_statements": 1, "percent_covered": 100.0, "percent_covered_display": "100", "missing_lines": 0, "excluded_lines": 0}, "missing_lines": [], "excluded_lines": []}, "TestMaskPii.test_mask_bank_account_last_four": {"executed_lines": [90, 91], "summary": {"covered_lines": 2, "num_statements": 2, "percent_covered": 100.0, "percent_covered_display": "100", "missing_lines": 0, "excluded_lines": 0}, "missing_lines": [], "excluded_lines": []}, "TestMaskPii.test_mask_bank_account_short": {"executed_lines": [94, 95], "summary": {"covered_lines": 2, "num_statements": 2, "percent_covered": 100.0, "percent_covered_display": "100", "missing_lines": 0, "excluded_lines": 0}, "missing_lines": [], "excluded_lines": []}, "TestMaskPii.test_mask_bank_account_with_spaces": {"executed_lines": [98, 100], "summary": {"covered_lines": 2, "num_statements": 2, "percent_covered": 100.0, "percent_covered_display": "100", "missing_lines": 0, "excluded_lines": 0}, "missing_lines": [], "excluded_lines": []}, "TestMaskPii.test_mask_pii_hashes_ssn": {"executed_lines": [103, 104, 105], "summary": {"covered_lines": 3, "num_statements": 3, "percent_covered": 100.0, "percent_covered_display": "100", "missing_lines": 0, "excluded_lines": 0}, "missing_lines": [], "excluded_lines": []}, "TestMaskPii.test_mask_pii_hashes_customer_id": {"executed_lines": [108, 109, 110], "summary": {"covered_lines": 3, "num_statements": 3, "percent_covered": 100.0, "percent_covered_display": "100", "missing_lines": 0, "excluded_lines": 0}, "missing_lines": [], "excluded_lines": []}, "TestMaskPii.test_mask_pii_masks_bank_account": {"executed_lines": [113, 114], "summary": {"covered_lines": 2, "num_statements": 2, "percent_covered": 100.0, "percent_covered_display": "100", "missing_lines": 0, "excluded_lines": 0}, "missing_lines": [], "excluded_lines": []}, "TestMaskPii.test_mask_pii_preserves_non_pii_fields": {"executed_lines": [117, 118, 119], "summary": {"covered_lines": 3, "num_statements": 3, "percent_covered": 100.0, "percent_covered_display": "100", "missing_lines": 0, "excluded_lines": 0}, "missing_lines": [], "excluded_lines": []}, "TestMaskPii.test_mask_pii_missing_fields_no_error": {"executed_lines": [122, 123, 124], "summary": {"covered_lines": 3, "num_statements": 3, "percent_covered": 100.0, "percent_covered_display": "100", "missing_lines": 0, "excluded_lines": 0}, "missing_lines": [], "excluded_lines": []}, "TestMaskPii.test_mask_pii_does_not_mutate_original": {"executed_lines": [127, 128, 129], "summary": {"covered_lines": 3, "num_statements": 3, "percent_covered": 100.0, "percent_covered_display": "100", "missing_lines": 0, "excluded_lines": 0}, "missing_lines": [], "excluded_lines": []}, "TestLogDecision.test_returns_log_id_string": {"executed_lines": [145, 153, 154], "summary": {"covered_lines": 3, "num_statements": 3, "percent_covered": 100.0, "percent_covered_display": "100", "missing_lines": 0, "excluded_lines": 0}, "missing_lines": [], "excluded_lines": []}, "TestLogDecision.test_log_id_is_unique": {"executed_lines": [162, 165, 168], "summary": {"covered_lines": 3, "num_statements": 3, "percent_covered": 100.0, "percent_covered_display": "100", "missing_lines": 0, "excluded_lines": 0}, "missing_lines": [], "excluded_lines": []}, "TestLogDecision.test_stores_and_retrieves_record": {"executed_lines": [176, 179, 180, 181], "summary": {"covered_lines": 4, "num_statements": 4, "percent_covered": 100.0, "percent_covered_display": "100", "missing_lines": 0, "excluded_lines": 0}, "missing_lines": [], "excluded_lines": []}, "TestLogDecision.test_decision_output_stored": {"executed_lines": [189, 192, 193], "summary": {"covered_lines": 3, "num_statements": 3, "percent_covered": 100.0, "percent_covered_display": "100", "missing_lines": 0, "excluded_lines": 0}, "missing_lines": [], "excluded_lines": []}, "TestLogDecision.test_reason_codes_stored_as_list": {"executed_lines": [201, 204, 205], "summary": {"covered_lines": 3, "num_statements": 3, "percent_covered": 100.0, "percent_covered_display": "100", "missing_lines": 0, "excluded_lines": 0}, "missing_lines": [], "excluded_lines": []}, "TestLogDecision.test_pii_masked_before_storage": {"executed_lines": [212, 213, 214, 216, 217, 218], "summary": {"covered_lines": 6, "num_statements": 6, "percent_covered": 100.0, "percent_covered_display": "100", "missing_lines": 0, "excluded_lines": 0}, "missing_lines": [], "excluded_lines": []}, "TestLogDecision.test_latency_ms_stored": {"executed_lines": [225, 231, 232, 233], "summary": {"covered_lines": 4, "num_statements": 4, "percent_covered": 100.0, "percent_covered_display": "100", "missing_lines": 0, "excluded_lines": 0}, "missing_lines": [], "excluded_lines": []}, "TestLogDecision.test_accepts_dataclass_like_result": {"executed_lines": [240, 242, 243, 244, 245, 246, 247, 249, 253, 254, 255], "summary": {"covered_lines": 11, "num_statements": 11, "percent_covered": 100.0, "percent_covered_display": "100", "missing_lines": 0, "excluded_lines": 0}, "missing_lines": [], "excluded_lines": []}, "TestLogDecision.test_accepts_dataclass_like_result.FakeDecision.__post_init__": {"executed_lines": [250, 251], "summary": {"covered_lines": 2, "num_statements": 2, "percent_covered": 100.0, "percent_covered_display": "100", "missing_lines": 0, "excluded_lines": 0}, "missing_lines": [], "excluded_lines": []}, "TestLogDecision.test_get_audit_record_returns_none_for_missing": {"executed_lines": [258, 260], "summary": {"covered_lines": 2, "num_statements": 3, "percent_covered": 66.66666666666667, "percent_covered_display": "67", "missing_lines": 1, "excluded_lines": 0}, "missing_lines": [261], "excluded_lines": []}, "": {"executed_lines": [1, 7, 9, 10, 11, 12, 14, 15, 17, 19, 28, 30, 37, 38, 48, 49, 62, 63, 77, 78, 83, 86, 89, 93, 97, 102, 107, 112, 116, 121, 126, 137, 138, 139, 156, 170, 183, 195, 207, 220, 235, 257], "summary": {"covered_lines": 41, "num_statements": 41, "percent_covered": 100.0, "percent_covered_display": "100", "missing_lines": 0, "excluded_lines": 0}, "missing_lines": [], "excluded_lines": []}}, "classes": {"TestMaskPii": {"executed_lines": [79, 80, 81, 84, 87, 90, 91, 94, 95, 98, 100, 103, 104, 105, 108, 109, 110, 113, 114, 117, 118, 119, 122, 123, 124, 127, 128, 129], "summary": {"covered_lines": 28, "num_statements": 28, "percent_covered": 100.0, "percent_covered_display": "100", "missing_lines": 0, "excluded_lines": 0}, "missing_lines": [], "excluded_lines": []}, "TestLogDecision": {"executed_lines": [145, 153, 154, 162, 165, 168, 176, 179, 180, 181, 189, 192, 193, 201, 204, 205, 212, 213, 214, 216, 217, 218, 225, 231, 232, 233, 240, 242, 243, 244, 245, 246, 247, 249, 253, 254, 255, 258, 260], "summary": {"covered_lines": 39, "num_statements": 40, "percent_covered": 97.5, "percent_covered_display": "98", "missing_lines": 1, "excluded_lines": 0}, "missing_lines": [261], "excluded_lines": []}, "TestLogDecision.test_accepts_dataclass_like_result.FakeDecision": {"executed_lines": [250, 251], "summary": {"covered_lines": 2, "num_statements": 2, "percent_covered": 100.0, "percent_covered_display": "100", "missing_lines": 0, "excluded_lines": 0}, "missing_lines": [], "excluded_lines": []}, "": {"executed_lines": [1, 7, 9, 10, 11, 12, 14, 15, 17, 19, 28, 30, 37, 38, 40, 48, 49, 51, 62, 63, 64, 77, 78, 83, 86, 89, 93, 97, 102, 107, 112, 116, 121, 126, 137, 138, 139, 156, 170, 183, 195, 207, 220, 235, 257], "summary": {"covered_lines": 44, "num_statements": 44, "percent_covered": 100.0, "percent_covered_display": "100", "missing_lines": 0, "excluded_lines": 0}, "missing_lines": [], "excluded_lines": []}}}, "audit/tests/test_mrm_audit.py": {"executed_lines": [1, 9, 11, 12, 13, 14, 16, 17, 19, 21, 31, 38, 39, 40, 43, 44, 45, 53, 54, 55, 56, 69, 70, 72, 73, 86, 87, 88, 89, 91, 92, 93, 106, 107, 108, 109, 110, 112, 113, 126, 127, 128, 130, 131, 132, 146, 147, 148, 149, 151, 152, 153, 161, 162, 163, 164, 177, 178, 180, 181, 194, 195, 196, 197, 198, 200, 201, 214, 215, 216, 217, 219, 220, 233, 234, 235, 236, 237, 238, 246, 247, 248, 249, 258, 259, 261, 262, 263, 273, 274, 283, 284, 285, 287, 288, 290, 291, 293, 302, 303, 304, 306, 308, 309, 310, 312, 314, 317, 319, 321, 322, 323, 324, 328, 330, 332, 333, 341, 342, 343, 345, 347, 354, 361, 362, 363, 364, 365, 367, 369, 371, 372, 375, 376, 377, 378, 382, 383, 385, 387, 388, 390, 391, 393, 394, 402, 403, 404], "summary": {"covered_lines": 146, "num_statements": 146, "percent_covered": 100.0, "percent_covered_display": "100", "missing_lines": 0, "excluded_lines": 0}, "missing_lines": [], "excluded_lines": [], "functions": {"cc_model_name": {"executed_lines": [40], "summary": {"covered_lines": 1, "num_statements": 1, "percent_covered": 100.0, "percent_covered_display": "100", "missing_lines": 0, "excluded_lines": 0}, "missing_lines": [], "excluded_lines": []}, "mortgage_model_name": {"executed_lines": [45], "summary": {"covered_lines": 1, "num_statements": 1, "percent_covered": 100.0, "percent_covered_display": "100", "missing_lines": 0, "excluded_lines": 0}, "missing_lines": [], "excluded_lines": []}, "TestGovernanceApprovalLog.test_log_governance_action_returns_uuid": {"executed_lines": [56, 69, 70], "summary": {"covered_lines": 3, "num_statements": 3, "percent_covered": 100.0, "percent_covered_display": "100", "missing_lines": 0, "excluded_lines": 0}, "missing_lines": [], "excluded_lines": []}, "TestGovernanceApprovalLog.test_governance_log_retrievable": {"executed_lines": [73, 86, 87, 88, 89], "summary": {"covered_lines": 5, "num_statements": 5, "percent_covered": 100.0, "percent_covered_display": "100", "missing_lines": 0, "excluded_lines": 0}, "missing_lines": [], "excluded_lines": []}, "TestGovernanceApprovalLog.test_governance_metrics_json_decoded": {"executed_lines": [92, 93, 106, 107, 108, 109, 110], "summary": {"covered_lines": 7, "num_statements": 7, "percent_covered": 100.0, "percent_covered_display": "100", "missing_lines": 0, "excluded_lines": 0}, "missing_lines": [], "excluded_lines": []}, "TestGovernanceApprovalLog.test_governance_log_covers_mortgage_model": {"executed_lines": [113, 126, 127, 128], "summary": {"covered_lines": 4, "num_statements": 4, "percent_covered": 100.0, "percent_covered_display": "100", "missing_lines": 0, "excluded_lines": 0}, "missing_lines": [], "excluded_lines": []}, "TestGovernanceApprovalLog.test_pagination": {"executed_lines": [131, 132, 146, 147, 148, 149, 151, 152, 153], "summary": {"covered_lines": 9, "num_statements": 9, "percent_covered": 100.0, "percent_covered_display": "100", "missing_lines": 0, "excluded_lines": 0}, "missing_lines": [], "excluded_lines": []}, "TestModelValidationLog.test_log_validation_returns_uuid": {"executed_lines": [164, 177, 178], "summary": {"covered_lines": 3, "num_statements": 3, "percent_covered": 100.0, "percent_covered_display": "100", "missing_lines": 0, "excluded_lines": 0}, "missing_lines": [], "excluded_lines": []}, "TestModelValidationLog.test_validation_pass_with_conditions": {"executed_lines": [181, 194, 195, 196, 197, 198], "summary": {"covered_lines": 6, "num_statements": 6, "percent_covered": 100.0, "percent_covered_display": "100", "missing_lines": 0, "excluded_lines": 0}, "missing_lines": [], "excluded_lines": []}, "TestModelValidationLog.test_validation_fail_not_approved": {"executed_lines": [201, 214, 215, 216, 217], "summary": {"covered_lines": 5, "num_statements": 5, "percent_covered": 100.0, "percent_covered_display": "100", "missing_lines": 0, "excluded_lines": 0}, "missing_lines": [], "excluded_lines": []}, "TestModelValidationLog.test_mortgage_validation_logged": {"executed_lines": [220, 233, 234, 235, 236, 237, 238], "summary": {"covered_lines": 7, "num_statements": 7, "percent_covered": 100.0, "percent_covered_display": "100", "missing_lines": 0, "excluded_lines": 0}, "missing_lines": [], "excluded_lines": []}, "TestAdverseActionQueue.test_enqueue_returns_uuid": {"executed_lines": [249, 258, 259], "summary": {"covered_lines": 3, "num_statements": 3, "percent_covered": 100.0, "percent_covered_display": "100", "missing_lines": 0, "excluded_lines": 0}, "missing_lines": [], "excluded_lines": []}, "TestAdverseActionQueue.test_fcra_minimum_two_codes_enforced": {"executed_lines": [262, 263], "summary": {"covered_lines": 2, "num_statements": 2, "percent_covered": 100.0, "percent_covered_display": "100", "missing_lines": 0, "excluded_lines": 0}, "missing_lines": [], "excluded_lines": []}, "TestAdverseActionQueue.test_pending_notices_retrievable": {"executed_lines": [274, 283, 284, 285, 287, 288], "summary": {"covered_lines": 6, "num_statements": 6, "percent_covered": 100.0, "percent_covered_display": "100", "missing_lines": 0, "excluded_lines": 0}, "missing_lines": [], "excluded_lines": []}, "TestAdverseActionQueue.test_dispatch_deadline_is_30_days_from_enqueue": {"executed_lines": [291, 293, 302, 303, 304, 306, 308, 309, 310, 312], "summary": {"covered_lines": 10, "num_statements": 10, "percent_covered": 100.0, "percent_covered_display": "100", "missing_lines": 0, "excluded_lines": 0}, "missing_lines": [], "excluded_lines": []}, "TestAdverseActionQueue.test_overdue_notices_detected": {"executed_lines": [317, 319], "summary": {"covered_lines": 2, "num_statements": 2, "percent_covered": 100.0, "percent_covered_display": "100", "missing_lines": 0, "excluded_lines": 0}, "missing_lines": [], "excluded_lines": []}, "TestAdverseActionQueue.test_reason_codes_in_pending_are_list": {"executed_lines": [322, 323, 324], "summary": {"covered_lines": 3, "num_statements": 3, "percent_covered": 100.0, "percent_covered_display": "100", "missing_lines": 0, "excluded_lines": 0}, "missing_lines": [], "excluded_lines": []}, "TestAdverseActionQueue.test_overdue_flag_set_correctly": {"executed_lines": [330, 332, 333], "summary": {"covered_lines": 3, "num_statements": 3, "percent_covered": 100.0, "percent_covered_display": "100", "missing_lines": 0, "excluded_lines": 0}, "missing_lines": [], "excluded_lines": []}, "TestQualityGates.test_no_update_delete_semantics": {"executed_lines": [347, 354, 361, 362, 363, 364, 365], "summary": {"covered_lines": 7, "num_statements": 7, "percent_covered": 100.0, "percent_covered_display": "100", "missing_lines": 0, "excluded_lines": 0}, "missing_lines": [], "excluded_lines": []}, "TestQualityGates.test_all_registered_models_have_governance_config": {"executed_lines": [369, 371, 372, 375, 376, 377, 378], "summary": {"covered_lines": 7, "num_statements": 7, "percent_covered": 100.0, "percent_covered_display": "100", "missing_lines": 0, "excluded_lines": 0}, "missing_lines": [], "excluded_lines": []}, "TestQualityGates.test_mortgage_model_in_all_registered": {"executed_lines": [383, 385], "summary": {"covered_lines": 2, "num_statements": 2, "percent_covered": 100.0, "percent_covered_display": "100", "missing_lines": 0, "excluded_lines": 0}, "missing_lines": [], "excluded_lines": []}, "TestQualityGates.test_sr117_stages_are_complete": {"executed_lines": [388, 390, 391], "summary": {"covered_lines": 3, "num_statements": 3, "percent_covered": 100.0, "percent_covered_display": "100", "missing_lines": 0, "excluded_lines": 0}, "missing_lines": [], "excluded_lines": []}, "TestQualityGates.test_governance_error_hierarchy": {"executed_lines": [394, 402, 403, 404], "summary": {"covered_lines": 4, "num_statements": 4, "percent_covered": 100.0, "percent_covered_display": "100", "missing_lines": 0, "excluded_lines": 0}, "missing_lines": [], "excluded_lines": []}, "": {"executed_lines": [1, 9, 11, 12, 13, 14, 16, 17, 19, 21, 31, 38, 39, 43, 44, 53, 54, 55, 72, 91, 112, 130, 161, 162, 163, 180, 200, 219, 246, 247, 248, 261, 273, 290, 314, 321, 328, 341, 342, 343, 345, 367, 382, 387, 393], "summary": {"covered_lines": 43, "num_statements": 43, "percent_covered": 100.0, "percent_covered_display": "100", "missing_lines": 0, "excluded_lines": 0}, "missing_lines": [], "excluded_lines": []}}, "classes": {"TestGovernanceApprovalLog": {"executed_lines": [56, 69, 70, 73, 86, 87, 88, 89, 92, 93, 106, 107, 108, 109, 110, 113, 126, 127, 128, 131, 132, 146, 147, 148, 149, 151, 152, 153], "summary": {"covered_lines": 28, "num_statements": 28, "percent_covered": 100.0, "percent_covered_display": "100", "missing_lines": 0, "excluded_lines": 0}, "missing_lines": [], "excluded_lines": []}, "TestModelValidationLog": {"executed_lines": [164, 177, 178, 181, 194, 195, 196, 197, 198, 201, 214, 215, 216, 217, 220, 233, 234, 235, 236, 237, 238], "summary": {"covered_lines": 21, "num_statements": 21, "percent_covered": 100.0, "percent_covered_display": "100", "missing_lines": 0, "excluded_lines": 0}, "missing_lines": [], "excluded_lines": []}, "TestAdverseActionQueue": {"executed_lines": [249, 258, 259, 262, 263, 274, 283, 284, 285, 287, 288, 291, 293, 302, 303, 304, 306, 308, 309, 310, 312, 317, 319, 322, 323, 324, 330, 332, 333], "summary": {"covered_lines": 29, "num_statements": 29, "percent_covered": 100.0, "percent_covered_display": "100", "missing_lines": 0, "excluded_lines": 0}, "missing_lines": [], "excluded_lines": []}, "TestQualityGates": {"executed_lines": [347, 354, 361, 362, 363, 364, 365, 369, 371, 372, 375, 376, 377, 378, 383, 385, 388, 390, 391, 394, 402, 403, 404], "summary": {"covered_lines": 23, "num_statements": 23, "percent_covered": 100.0, "percent_covered_display": "100", "missing_lines": 0, "excluded_lines": 0}, "missing_lines": [], "excluded_lines": []}, "": {"executed_lines": [1, 9, 11, 12, 13, 14, 16, 17, 19, 21, 31, 38, 39, 40, 43, 44, 45, 53, 54, 55, 72, 91, 112, 130, 161, 162, 163, 180, 200, 219, 246, 247, 248, 261, 273, 290, 314, 321, 328, 341, 342, 343, 345, 367, 382, 387, 393], "summary": {"covered_lines": 45, "num_statements": 45, "percent_covered": 100.0, "percent_covered_display": "100", "missing_lines": 0, "excluded_lines": 0}, "missing_lines": [], "excluded_lines": []}}}, "audit/tests/test_override_log.py": {"executed_lines": [1, 7, 9, 10, 11, 12, 13, 15, 16, 18, 20, 30, 31, 37, 38, 41, 51, 70, 71, 73, 74, 75, 76, 84, 85, 87, 88, 89, 90, 92, 93, 95, 103, 104, 106, 107, 108, 110, 111, 119, 120, 122, 124, 125, 126, 129, 130, 131, 139, 140, 148, 149, 155, 157, 158, 170, 171, 176, 177, 178, 181, 187, 188, 189, 199, 200, 201, 202, 203, 205, 206, 214, 215, 217, 218, 219], "summary": {"covered_lines": 75, "num_statements": 75, "percent_covered": 100.0, "percent_covered_display": "100", "missing_lines": 0, "excluded_lines": 0}, "missing_lines": [], "excluded_lines": [], "functions": {"_make_record": {"executed_lines": [51], "summary": {"covered_lines": 1, "num_statements": 1, "percent_covered": 100.0, "percent_covered_display": "100", "missing_lines": 0, "excluded_lines": 0}, "missing_lines": [], "excluded_lines": []}, "test_chain_genesis": {"executed_lines": [73, 74, 75, 76], "summary": {"covered_lines": 4, "num_statements": 4, "percent_covered": 100.0, "percent_covered_display": "100", "missing_lines": 0, "excluded_lines": 0}, "missing_lines": [], "excluded_lines": []}, "test_chain_links": {"executed_lines": [87, 88, 89, 90, 92, 93, 95], "summary": {"covered_lines": 7, "num_statements": 7, "percent_covered": 100.0, "percent_covered_display": "100", "missing_lines": 0, "excluded_lines": 0}, "missing_lines": [], "excluded_lines": []}, "test_verify_chain_valid": {"executed_lines": [106, 107, 108, 110, 111], "summary": {"covered_lines": 5, "num_statements": 5, "percent_covered": 100.0, "percent_covered_display": "100", "missing_lines": 0, "excluded_lines": 0}, "missing_lines": [], "excluded_lines": []}, "test_verify_chain_tampered": {"executed_lines": [122, 124, 125, 126, 129, 130, 131, 139, 140], "summary": {"covered_lines": 9, "num_statements": 9, "percent_covered": 100.0, "percent_covered_display": "100", "missing_lines": 0, "excluded_lines": 0}, "missing_lines": [], "excluded_lines": []}, "test_four_eyes_enforced": {"executed_lines": [155, 157, 158], "summary": {"covered_lines": 3, "num_statements": 3, "percent_covered": 100.0, "percent_covered_display": "100", "missing_lines": 0, "excluded_lines": 0}, "missing_lines": [], "excluded_lines": []}, "test_override_rate": {"executed_lines": [176, 177, 178, 181, 187, 188, 189, 199, 200, 201, 202, 203, 205, 206], "summary": {"covered_lines": 14, "num_statements": 14, "percent_covered": 100.0, "percent_covered_display": "100", "missing_lines": 0, "excluded_lines": 0}, "missing_lines": [], "excluded_lines": []}, "test_empty_chain_is_valid": {"executed_lines": [217, 218, 219], "summary": {"covered_lines": 3, "num_statements": 3, "percent_covered": 100.0, "percent_covered_display": "100", "missing_lines": 0, "excluded_lines": 0}, "missing_lines": [], "excluded_lines": []}, "": {"executed_lines": [1, 7, 9, 10, 11, 12, 13, 15, 16, 18, 20, 30, 31, 37, 38, 41, 70, 71, 84, 85, 103, 104, 119, 120, 148, 149, 170, 171, 214, 215], "summary": {"covered_lines": 29, "num_statements": 29, "percent_covered": 100.0, "percent_covered_display": "100", "missing_lines": 0, "excluded_lines": 0}, "missing_lines": [], "excluded_lines": []}}, "classes": {"": {"executed_lines": [1, 7, 9, 10, 11, 12, 13, 15, 16, 18, 20, 30, 31, 37, 38, 41, 51, 70, 71, 73, 74, 75, 76, 84, 85, 87, 88, 89, 90, 92, 93, 95, 103, 104, 106, 107, 108, 110, 111, 119, 120, 122, 124, 125, 126, 129, 130, 131, 139, 140, 148, 149, 155, 157, 158, 170, 171, 176, 177, 178, 181, 187, 188, 189, 199, 200, 201, 202, 203, 205, 206, 214, 215, 217, 218, 219], "summary": {"covered_lines": 75, "num_statements": 75, "percent_covered": 100.0, "percent_covered_display": "100", "missing_lines": 0, "excluded_lines": 0}, "missing_lines": [], "excluded_lines": []}}}, "audit/tests/test_tenant_guard.py": {"executed_lines": [1, 6, 8, 9, 11, 13, 14, 16, 25, 26, 28, 30, 31, 33, 35, 36, 37, 38, 40, 42, 43, 44, 46, 47, 49, 51, 52, 53, 54, 55, 56, 58, 61, 62, 64, 66, 67, 68, 70, 72, 73, 74, 76, 78, 79, 80, 82, 84, 85, 86, 87, 90, 91, 93, 95, 96, 99, 100, 102, 104, 105, 106, 108, 109, 110, 111, 113, 115, 116, 117, 119, 120, 121, 122, 124, 126, 128, 129, 130, 131, 134, 135, 138, 139, 140, 141, 142], "summary": {"covered_lines": 83, "num_statements": 84, "percent_covered": 98.80952380952381, "percent_covered_display": "99", "missing_lines": 1, "excluded_lines": 0}, "missing_lines": [97], "excluded_lines": [], "functions": {"TestRequireTenantContext.test_raises_outside_context": {"executed_lines": [30, 31], "summary": {"covered_lines": 2, "num_statements": 2, "percent_covered": 100.0, "percent_covered_display": "100", "missing_lines": 0, "excluded_lines": 0}, "missing_lines": [], "excluded_lines": []}, "TestRequireTenantContext.test_returns_correct_tenant_inside_context": {"executed_lines": [35, 36, 37, 38], "summary": {"covered_lines": 4, "num_statements": 4, "percent_covered": 100.0, "percent_covered_display": "100", "missing_lines": 0, "excluded_lines": 0}, "missing_lines": [], "excluded_lines": []}, "TestRequireTenantContext.test_raises_again_after_context_exits": {"executed_lines": [42, 43, 44, 46, 47], "summary": {"covered_lines": 5, "num_statements": 5, "percent_covered": 100.0, "percent_covered_display": "100", "missing_lines": 0, "excluded_lines": 0}, "missing_lines": [], "excluded_lines": []}, "TestRequireTenantContext.test_nested_contexts_restore_on_exit": {"executed_lines": [51, 52, 53, 54, 55, 56, 58], "summary": {"covered_lines": 7, "num_statements": 7, "percent_covered": 100.0, "percent_covered_display": "100", "missing_lines": 0, "excluded_lines": 0}, "missing_lines": [], "excluded_lines": []}, "TestAdminOverride.test_source_is_admin_override": {"executed_lines": [66, 67, 68], "summary": {"covered_lines": 3, "num_statements": 3, "percent_covered": 100.0, "percent_covered_display": "100", "missing_lines": 0, "excluded_lines": 0}, "missing_lines": [], "excluded_lines": []}, "TestAdminOverride.test_tenant_id_is_set": {"executed_lines": [72, 73, 74], "summary": {"covered_lines": 3, "num_statements": 3, "percent_covered": 100.0, "percent_covered_display": "100", "missing_lines": 0, "excluded_lines": 0}, "missing_lines": [], "excluded_lines": []}, "TestAdminOverride.test_authorized_by_is_set": {"executed_lines": [78, 79, 80], "summary": {"covered_lines": 3, "num_statements": 3, "percent_covered": 100.0, "percent_covered_display": "100", "missing_lines": 0, "excluded_lines": 0}, "missing_lines": [], "excluded_lines": []}, "TestAdminOverride.test_context_is_reset_after_override": {"executed_lines": [84, 85, 86, 87], "summary": {"covered_lines": 4, "num_statements": 4, "percent_covered": 100.0, "percent_covered_display": "100", "missing_lines": 0, "excluded_lines": 0}, "missing_lines": [], "excluded_lines": []}, "TestTenantScopedDecorator.test_raises_without_context": {"executed_lines": [95, 96, 99, 100], "summary": {"covered_lines": 4, "num_statements": 4, "percent_covered": 100.0, "percent_covered_display": "100", "missing_lines": 0, "excluded_lines": 0}, "missing_lines": [], "excluded_lines": []}, "TestTenantScopedDecorator.test_raises_without_context.my_func": {"executed_lines": [], "summary": {"covered_lines": 0, "num_statements": 1, "percent_covered": 0.0, "percent_covered_display": "0", "missing_lines": 1, "excluded_lines": 0}, "missing_lines": [97], "excluded_lines": []}, "TestTenantScopedDecorator.test_injects_tenant_id_from_context": {"executed_lines": [104, 105, 108, 109, 110, 111], "summary": {"covered_lines": 6, "num_statements": 6, "percent_covered": 100.0, "percent_covered_display": "100", "missing_lines": 0, "excluded_lines": 0}, "missing_lines": [], "excluded_lines": []}, "TestTenantScopedDecorator.test_injects_tenant_id_from_context.my_func": {"executed_lines": [106], "summary": {"covered_lines": 1, "num_statements": 1, "percent_covered": 100.0, "percent_covered_display": "100", "missing_lines": 0, "excluded_lines": 0}, "missing_lines": [], "excluded_lines": []}, "TestTenantScopedDecorator.test_caller_supplied_tenant_id_is_not_overridden": {"executed_lines": [115, 116, 119, 120, 121, 122], "summary": {"covered_lines": 6, "num_statements": 6, "percent_covered": 100.0, "percent_covered_display": "100", "missing_lines": 0, "excluded_lines": 0}, "missing_lines": [], "excluded_lines": []}, "TestTenantScopedDecorator.test_caller_supplied_tenant_id_is_not_overridden.my_func": {"executed_lines": [117], "summary": {"covered_lines": 1, "num_statements": 1, "percent_covered": 100.0, "percent_covered_display": "100", "missing_lines": 0, "excluded_lines": 0}, "missing_lines": [], "excluded_lines": []}, "TestTenantScopedDecorator.test_function_without_tenant_id_param_still_validates_context": {"executed_lines": [126, 128, 129, 134, 135, 138, 139, 140, 141, 142], "summary": {"covered_lines": 10, "num_statements": 10, "percent_covered": 100.0, "percent_covered_display": "100", "missing_lines": 0, "excluded_lines": 0}, "missing_lines": [], "excluded_lines": []}, "TestTenantScopedDecorator.test_function_without_tenant_id_param_still_validates_context.my_func": {"executed_lines": [130, 131], "summary": {"covered_lines": 2, "num_statements": 2, "percent_covered": 100.0, "percent_covered_display": "100", "missing_lines": 0, "excluded_lines": 0}, "missing_lines": [], "excluded_lines": []}, "": {"executed_lines": [1, 6, 8, 9, 11, 13, 14, 16, 25, 26, 28, 33, 40, 49, 61, 62, 64, 70, 76, 82, 90, 91, 93, 102, 113, 124], "summary": {"covered_lines": 22, "num_statements": 22, "percent_covered": 100.0, "percent_covered_display": "100", "missing_lines": 0, "excluded_lines": 0}, "missing_lines": [], "excluded_lines": []}}, "classes": {"TestRequireTenantContext": {"executed_lines": [30, 31, 35, 36, 37, 38, 42, 43, 44, 46, 47, 51, 52, 53, 54, 55, 56, 58], "summary": {"covered_lines": 18, "num_statements": 18, "percent_covered": 100.0, "percent_covered_display": "100", "missing_lines": 0, "excluded_lines": 0}, "missing_lines": [], "excluded_lines": []}, "TestAdminOverride": {"executed_lines": [66, 67, 68, 72, 73, 74, 78, 79, 80, 84, 85, 86, 87], "summary": {"covered_lines": 13, "num_statements": 13, "percent_covered": 100.0, "percent_covered_display": "100", "missing_lines": 0, "excluded_lines": 0}, "missing_lines": [], "excluded_lines": []}, "TestTenantScopedDecorator": {"executed_lines": [95, 96, 99, 100, 104, 105, 106, 108, 109, 110, 111, 115, 116, 117, 119, 120, 121, 122, 126, 128, 129, 130, 131, 134, 135, 138, 139, 140, 141, 142], "summary": {"covered_lines": 30, "num_statements": 31, "percent_covered": 96.7741935483871, "percent_covered_display": "97", "missing_lines": 1, "excluded_lines": 0}, "missing_lines": [97], "excluded_lines": []}, "": {"executed_lines": [1, 6, 8, 9, 11, 13, 14, 16, 25, 26, 28, 33, 40, 49, 61, 62, 64, 70, 76, 82, 90, 91, 93, 102, 113, 124], "summary": {"covered_lines": 22, "num_statements": 22, "percent_covered": 100.0, "percent_covered_display": "100", "missing_lines": 0, "excluded_lines": 0}, "missing_lines": [], "excluded_lines": []}}}, "compliance/__init__.py": {"executed_lines": [1, 17, 23, 24, 26], "summary": {"covered_lines": 4, "num_statements": 4, "percent_covered": 100.0, "percent_covered_display": "100", "missing_lines": 0, "excluded_lines": 0}, "missing_lines": [], "excluded_lines": [], "functions": {"": {"executed_lines": [1, 17, 23, 24, 26], "summary": {"covered_lines": 4, "num_statements": 4, "percent_covered": 100.0, "percent_covered_display": "100", "missing_lines": 0, "excluded_lines": 0}, "missing_lines": [], "excluded_lines": []}}, "classes": {"": {"executed_lines": [1, 17, 23, 24, 26], "summary": {"covered_lines": 4, "num_statements": 4, "percent_covered": 100.0, "percent_covered_display": "100", "missing_lines": 0, "excluded_lines": 0}, "missing_lines": [], "excluded_lines": []}}}, "compliance/adverse_action.py": {"executed_lines": [1, 15, 17, 18, 19, 20, 27, 54, 85, 101, 107, 108, 109, 110, 111, 112, 113, 114, 115, 118, 125, 139, 144, 151, 152, 153, 159, 160, 161, 162, 163, 164, 165, 166, 167, 168, 169, 170, 171, 172, 173, 174, 175, 176, 177, 178], "summary": {"covered_lines": 44, "num_statements": 45, "percent_covered": 97.77777777777777, "percent_covered_display": "98", "missing_lines": 1, "excluded_lines": 0}, "missing_lines": [116], "excluded_lines": [], "functions": {"map_shap_factors_to_reg_b_codes": {"executed_lines": [101, 107, 108, 109, 110, 111, 112, 113, 114, 115, 118], "summary": {"covered_lines": 11, "num_statements": 12, "percent_covered": 91.66666666666667, "percent_covered_display": "92", "missing_lines": 1, "excluded_lines": 0}, "missing_lines": [116], "excluded_lines": []}, "select_form_type": {"executed_lines": [139, 144], "summary": {"covered_lines": 2, "num_statements": 2, "percent_covered": 100.0, "percent_covered_display": "100", "missing_lines": 0, "excluded_lines": 0}, "missing_lines": [], "excluded_lines": []}, "": {"executed_lines": [1, 15, 17, 18, 19, 20, 27, 54, 85, 125, 151, 152, 153, 159, 160, 161, 162, 163, 164, 165, 166, 167, 168, 169, 170, 171, 172, 173, 174, 175, 176, 177, 178], "summary": {"covered_lines": 31, "num_statements": 31, "percent_covered": 100.0, "percent_covered_display": "100", "missing_lines": 0, "excluded_lines": 0}, "missing_lines": [], "excluded_lines": []}}, "classes": {"AdverseActionNotice": {"executed_lines": [], "summary": {"covered_lines": 0, "num_statements": 0, "percent_covered": 100.0, "percent_covered_display": "100", "missing_lines": 0, "excluded_lines": 0}, "missing_lines": [], "excluded_lines": []}, "": {"executed_lines": [1, 15, 17, 18, 19, 20, 27, 54, 85, 101, 107, 108, 109, 110, 111, 112, 113, 114, 115, 118, 125, 139, 144, 151, 152, 153, 159, 160, 161, 162, 163, 164, 165, 166, 167, 168, 169, 170, 171, 172, 173, 174, 175, 176, 177, 178], "summary": {"covered_lines": 44, "num_statements": 45, "percent_covered": 97.77777777777777, "percent_covered_display": "98", "missing_lines": 1, "excluded_lines": 0}, "missing_lines": [116], "excluded_lines": []}}}, "compliance/adverse_action_generator.py": {"executed_lines": [1, 14, 16, 17, 18, 19, 20, 22, 35, 73, 74, 75, 76, 82, 83, 88, 90, 91, 93, 96, 97, 102, 103, 104, 105, 110, 111, 112, 113, 114, 115, 116, 117, 120, 123, 126, 127, 128, 131, 132, 133, 134, 135, 138, 139, 141, 143, 169, 178, 192, 193, 195, 198, 199, 209, 224, 232, 234], "summary": {"covered_lines": 57, "num_statements": 65, "percent_covered": 87.6923076923077, "percent_covered_display": "88", "missing_lines": 8, "excluded_lines": 0}, "missing_lines": [78, 79, 80, 94, 95, 106, 107, 121], "excluded_lines": [], "functions": {"generate_notice": {"executed_lines": [73, 74, 75, 76, 82, 83, 88, 90, 91, 93, 96, 97, 102, 103, 104, 105, 110, 111, 112, 113, 114, 115, 116, 117, 120, 123, 126, 127, 128, 131, 132, 133, 134, 135, 138, 139, 141, 143], "summary": {"covered_lines": 38, "num_statements": 46, "percent_covered": 82.6086956521739, "percent_covered_display": "83", "missing_lines": 8, "excluded_lines": 0}, "missing_lines": [78, 79, 80, 94, 95, 106, 107, 121], "excluded_lines": []}, "render_c1_text": {"executed_lines": [178, 192, 193, 195, 198, 199, 209, 224], "summary": {"covered_lines": 8, "num_statements": 8, "percent_covered": 100.0, "percent_covered_display": "100", "missing_lines": 0, "excluded_lines": 0}, "missing_lines": [], "excluded_lines": []}, "notice_to_dict": {"executed_
[...]
 17, 19, 20, 21, 22, 23, 25, 27, 28, 35, 64, 65, 67, 69, 70, 73, 74, 77, 78, 80, 82, 83, 106, 107, 109, 110, 118, 119, 122, 123, 125, 126, 131, 132, 133, 134, 135, 138, 139, 141, 142, 145, 146, 147, 149, 152, 153, 155, 156, 158, 161, 162, 163, 165, 168, 169, 171, 172, 175, 176, 179, 181, 182, 183, 184, 187, 188, 190, 191, 193, 195, 198, 199, 202, 203, 206, 208, 209, 212, 213, 215, 218, 220, 222, 223, 225, 230, 232, 233, 234, 235, 238, 239, 241, 242, 245, 246, 252, 254, 256, 258, 266, 267, 277, 279, 282, 283, 284, 285, 286, 290, 291, 292, 293, 294, 298, 299, 303, 304, 305, 310, 311, 313, 314, 319, 320, 322, 323, 326, 328, 329, 333], "summary": {"covered_lines": 133, "num_statements": 135, "percent_covered": 98.51851851851852, "percent_covered_display": "99", "missing_lines": 2, "excluded_lines": 0}, "missing_lines": [71, 72], "excluded_lines": []}}}, "feature_pipeline/tests/test_features.py": {"executed_lines": [1, 11, 13, 15, 16, 17, 19, 42, 43, 45, 79, 80, 81, 84, 86, 88, 89, 91, 93, 96, 98, 100, 101, 109, 110, 111, 112, 114, 115, 116, 117, 119, 120, 121, 123, 124, 125, 133, 134, 135, 136, 138, 139, 140, 142, 144, 145, 153, 154, 155, 158, 160, 162, 165, 167, 168, 169, 177, 178, 179, 180, 182, 183, 184, 186, 187, 188, 190, 191, 192, 200, 201, 202, 203, 205, 206, 207, 209, 211, 212, 214, 215, 216, 224, 225, 227, 228, 230, 231, 232, 234, 235, 236, 238, 239, 240, 242, 243, 244, 245, 246, 254, 255, 256, 257, 258, 260, 261, 262, 263, 271, 272, 273, 274, 276, 277, 278, 286, 287, 288, 289, 290, 292, 293, 294, 296, 297, 298, 306, 307, 308, 309, 310, 311, 313, 314, 315, 316, 317, 319, 320, 321, 322, 324, 326, 327, 328, 329, 331, 333, 334, 335, 336, 337, 339, 340, 341, 342, 343, 345, 347, 348, 349, 350, 351, 353, 355, 356, 357, 358, 359, 367, 368, 369, 370, 372, 373, 374, 376, 377, 378, 380, 382, 383, 384, 385], "summary": {"covered_lines": 185, "num_statements": 185, "percent_covered": 100.0, "percent_covered_display": "100", "missing_lines": 0, "excluded_lines": 0}, "missing_lines": [], "excluded_lines": [], "functions": {"minimal_df": {"executed_lines": [45], "summary": {"covered_lines": 1, "num_statements": 1, "percent_covered": 100.0, "percent_covered_display": "100", "missing_lines": 0, "excluded_lines": 0}, "missing_lines": [], "excluded_lines": []}, "TestCreditUtilization.test_normal": {"executed_lines": [81, 84], "summary": {"covered_lines": 2, "num_statements": 2, "percent_covered": 100.0, "percent_covered_display": "100", "missing_lines": 0, "excluded_lines": 0}, "missing_lines": [], "excluded_lines": []}, "TestCreditUtilization.test_zero_income_returns_one": {"executed_lines": [88, 89], "summary": {"covered_lines": 2, "num_statements": 2, "percent_covered": 100.0, "percent_covered_display": "100", "missing_lines": 0, "excluded_lines": 0}, "missing_lines": [], "excluded_lines": []}, "TestCreditUtilization.test_clipped_to_one": {"executed_lines": [93, 96], "summary": {"covered_lines": 2, "num_statements": 2, "percent_covered": 100.0, "percent_covered_display": "100", "missing_lines": 0, "excluded_lines": 0}, "missing_lines": [], "excluded_lines": []}, "TestCreditUtilization.test_clipped_to_zero": {"executed_lines": [100, 101], "summary": {"covered_lines": 2, "num_statements": 2, "percent_covered": 100.0, "percent_covered_display": "100", "missing_lines": 0, "excluded_lines": 0}, "missing_lines": [], "excluded_lines": []}, "TestIncomeStabilityScore.test_zero_tenure_near_half": {"executed_lines": [111, 112], "summary": {"covered_lines": 2, "num_statements": 2, "percent_covered": 100.0, "percent_covered_display": "100", "missing_lines": 0, "excluded_lines": 0}, "missing_lines": [], "excluded_lines": []}, "TestIncomeStabilityScore.test_twelve_months": {"executed_lines": [115, 116, 117], "summary": {"covered_lines": 3, "num_statements": 3, "percent_covered": 100.0, "percent_covered_display": "100", "missing_lines": 0, "excluded_lines": 0}, "missing_lines": [], "excluded_lines": []}, "TestIncomeStabilityScore.test_long_tenure_near_one": {"executed_lines": [120, 121], "summary": {"covered_lines": 2, "num_statements": 2, "percent_covered": 100.0, "percent_covered_display": "100", "missing_lines": 0, "excluded_lines": 0}, "missing_lines": [], "excluded_lines": []}, "TestIncomeStabilityScore.test_bounded_0_1": {"executed_lines": [124, 125], "summary": {"covered_lines": 2, "num_statements": 2, "percent_covered": 100.0, "percent_covered_display": "100", "missing_lines": 0, "excluded_lines": 0}, "missing_lines": [], "excluded_lines": []}, "TestRepaymentCapacity.test_zero_dti": {"executed_lines": [135, 136], "summary": {"covered_lines": 2, "num_statements": 2, "percent_covered": 100.0, "percent_covered_display": "100", "missing_lines": 0, "excluded_lines": 0}, "missing_lines": [], "excluded_lines": []}, "TestRepaymentCapacity.test_max_dti": {"executed_lines": [139, 140], "summary": {"covered_lines": 2, "num_statements": 2, "percent_covered": 100.0, "percent_covered_display": "100", "missing_lines": 0, "excluded_lines": 0}, "missing_lines": [], "excluded_lines": []}, "TestRepaymentCapacity.test_never_negative": {"executed_lines": [144, 145], "summary": {"covered_lines": 2, "num_statements": 2, "percent_covered": 100.0, "percent_covered_display": "100", "missing_lines": 0, "excluded_lines": 0}, "missing_lines": [], "excluded_lines": []}, "TestDebtServiceCoverage.test_normal": {"executed_lines": [155, 158], "summary": {"covered_lines": 2, "num_statements": 2, "percent_covered": 100.0, "percent_covered_display": "100", "missing_lines": 0, "excluded_lines": 0}, "missing_lines": [], "excluded_lines": []}, "TestDebtServiceCoverage.test_zero_debt": {"executed_lines": [162, 165], "summary": {"covered_lines": 2, "num_statements": 2, "percent_covered": 100.0, "percent_covered_display": "100", "missing_lines": 0, "excluded_lines": 0}, "missing_lines": [], "excluded_lines": []}, "TestDebtServiceCoverage.test_zero_income": {"executed_lines": [168, 169], "summary": {"covered_lines": 2, "num_statements": 2, "percent_covered": 100.0, "percent_covered_display": "100", "missing_lines": 0, "excluded_lines": 0}, "missing_lines": [], "excluded_lines": []}, "TestCreditAgeScore.test_zero_accounts": {"executed_lines": [179, 180], "summary": {"covered_lines": 2, "num_statements": 2, "percent_covered": 100.0, "percent_covered_display": "100", "missing_lines": 0, "excluded_lines": 0}, "missing_lines": [], "excluded_lines": []}, "TestCreditAgeScore.test_ten_accounts_is_one": {"executed_lines": [183, 184], "summary": {"covered_lines": 2, "num_statements": 2, "percent_covered": 100.0, "percent_covered_display": "100", "missing_lines": 0, "excluded_lines": 0}, "missing_lines": [], "excluded_lines": []}, "TestCreditAgeScore.test_over_ten_clipped": {"executed_lines": [187, 188], "summary": {"covered_lines": 2, "num_statements": 2, "percent_covered": 100.0, "percent_covered_display": "100", "missing_lines": 0, "excluded_lines": 0}, "missing_lines": [], "excluded_lines": []}, "TestCreditAgeScore.test_five_accounts": {"executed_lines": [191, 192], "summary": {"covered_lines": 2, "num_statements": 2, "percent_covered": 100.0, "percent_covered_display": "100", "missing_lines": 0, "excluded_lines": 0}, "missing_lines": [], "excluded_lines": []}, "TestDerogatoryPenalty.test_zero_marks": {"executed_lines": [202, 203], "summary": {"covered_lines": 2, "num_statements": 2, "percent_covered": 100.0, "percent_covered_display": "100", "missing_lines": 0, "excluded_lines": 0}, "missing_lines": [], "excluded_lines": []}, "TestDerogatoryPenalty.test_one_mark": {"executed_lines": [206, 207], "summary": {"covered_lines": 2, "num_statements": 2, "percent_covered": 100.0, "percent_covered_display": "100", "missing_lines": 0, "excluded_lines": 0}, "missing_lines": [], "excluded_lines": []}, "TestDerogatoryPenalty.test_ten_marks_capped": {"executed_lines": [211, 212], "summary": {"covered_lines": 2, "num_statements": 2, "percent_covered": 100.0, "percent_covered_display": "100", "missing_lines": 0, "excluded_lines": 0}, "missing_lines": [], "excluded_lines": []}, "TestDerogatoryPenalty.test_max_marks_capped": {"executed_lines": [215, 216], "summary": {"covered_lines": 2, "num_statements": 2, "percent_covered": 100.0, "percent_covered_display": "100", "missing_lines": 0, "excluded_lines": 0}, "missing_lines": [], "excluded_lines": []}, "TestMonthsSinceDelinquency.test_null_filled_with_999": {"executed_lines": [227, 228], "summary": {"covered_lines": 2, "num_statements": 2, "percent_covered": 100.0, "percent_covered_display": "100", "missing_lines": 0, "excluded_lines": 0}, "missing_lines": [], "excluded_lines": []}, "TestMonthsSinceDelinquency.test_normal_value_preserved": {"executed_lines": [231, 232], "summary": {"covered_lines": 2, "num_statements": 2, "percent_covered": 100.0, "percent_covered_display": "100", "missing_lines": 0, "excluded_lines": 0}, "missing_lines": [], "excluded_lines": []}, "TestMonthsSinceDelinquency.test_clipped_above_999": {"executed_lines": [235, 236], "summary": {"covered_lines": 2, "num_statements": 2, "percent_covered": 100.0, "percent_covered_display": "100", "missing_lines": 0, "excluded_lines": 0}, "missing_lines": [], "excluded_lines": []}, "TestMonthsSinceDelinquency.test_zero_preserved": {"executed_lines": [239, 240], "summary": {"covered_lines": 2, "num_statements": 2, "percent_covered": 100.0, "percent_covered_display": "100", "missing_lines": 0, "excluded_lines": 0}, "missing_lines": [], "excluded_lines": []}, "TestMonthsSinceDelinquency.test_mixed_null_and_real": {"executed_lines": [243, 244, 245, 246], "summary": {"covered_lines": 4, "num_statements": 4, "percent_covered": 100.0, "percent_covered_display": "100", "missing_lines": 0, "excluded_lines": 0}, "missing_lines": [], "excluded_lines": []}, "TestLogTransforms.test_log_loan_amount": {"executed_lines": [256, 257, 258], "summary": {"covered_lines": 3, "num_statements": 3, "percent_covered": 100.0, "percent_covered_display": "100", "missing_lines": 0, "excluded_lines": 0}, "missing_lines": [], "excluded_lines": []}, "TestLogTransforms.test_log_annual_income": {"executed_lines": [261, 262, 263], "summary": {"covered_lines": 3, "num_statements": 3, "percent_covered": 100.0, "percent_covered_display": "100", "missing_lines": 0, "excluded_lines": 0}, "missing_lines": [], "excluded_lines": []}, "TestDtiXLoanAmount.test_normal": {"executed_lines": [273, 274], "summary": {"covered_lines": 2, "num_statements": 2, "percent_covered": 100.0, "percent_covered_display": "100", "missing_lines": 0, "excluded_lines": 0}, "missing_lines": [], "excluded_lines": []}, "TestDtiXLoanAmount.test_zero_dti": {"executed_lines": [277, 278], "summary": {"covered_lines": 2, "num_statements": 2, "percent_covered": 100.0, "percent_covered_display": "100", "missing_lines": 0, "excluded_lines": 0}, "missing_lines": [], "excluded_lines": []}, "TestEmploymentEncoded.test_all_categories": {"executed_lines": [288, 289, 290], "summary": {"covered_lines": 3, "num_statements": 3, "percent_covered": 100.0, "percent_covered_display": "100", "missing_lines": 0, "excluded_lines": 0}, "missing_lines": [], "excluded_lines": []}, "TestEmploymentEncoded.test_unknown_maps_to_zero": {"executed_lines": [293, 294], "summary": {"covered_lines": 2, "num_statements": 2, "percent_covered": 100.0, "percent_covered_display": "100", "missing_lines": 0, "excluded_lines": 0}, "missing_lines": [], "excluded_lines": []}, "TestEmploymentEncoded.test_case_insensitive": {"executed_lines": [297, 298], "summary": {"covered_lines": 2, "num_statements": 2, "percent_covered": 100.0, "percent_covered_display": "100", "missing_lines": 0, "excluded_lines": 0}, "missing_lines": [], "excluded_lines": []}, "TestComputeFeatures.test_all_feature_columns_produced": {"executed_lines": [308, 309, 310, 311], "summary": {"covered_lines": 4, "num_statements": 4, "percent_covered": 100.0, "percent_covered_display": "100", "missing_lines": 0, "excluded_lines": 0}, "missing_lines": [], "excluded_lines": []}, "TestComputeFeatures.test_original_columns_preserved": {"executed_lines": [314, 315, 316, 317], "summary": {"covered_lines": 4, "num_statements": 4, "percent_covered": 100.0, "percent_covered_display": "100", "missing_lines": 0, "excluded_lines": 0}, "missing_lines": [], "excluded_lines": []}, "TestComputeFeatures.test_row_count_unchanged": {"executed_lines": [320, 321, 322], "summary": {"covered_lines": 3, "num_statements": 3, "percent_covered": 100.0, "percent_covered_display": "100", "missing_lines": 0, "excluded_lines": 0}, "missing_lines": [], "excluded_lines": []}, "TestComputeFeatures.test_input_df_not_mutated": {"executed_lines": [326, 327, 328, 329], "summary": {"covered_lines": 4, "num_statements": 4, "percent_covered": 100.0, "percent_covered_display": "100", "missing_lines": 0, "excluded_lines": 0}, "missing_lines": [], "excluded_lines": []}, "TestComputeFeatures.test_zero_income_handled": {"executed_lines": [333, 334, 335, 336, 337], "summary": {"covered_lines": 5, "num_statements": 5, "percent_covered": 100.0, "percent_covered_display": "100", "missing_lines": 0, "excluded_lines": 0}, "missing_lines": [], "excluded_lines": []}, "TestComputeFeatures.test_missing_delinquency_handled": {"executed_lines": [340, 341, 342, 343], "summary": {"covered_lines": 4, "num_statements": 4, "percent_covered": 100.0, "percent_covered_display": "100", "missing_lines": 0, "excluded_lines": 0}, "missing_lines": [], "excluded_lines": []}, "TestComputeFeatures.test_max_dti_handled": {"executed_lines": [347, 348, 349, 350, 351], "summary": {"covered_lines": 5, "num_statements": 5, "percent_covered": 100.0, "percent_covered_display": "100", "missing_lines": 0, "excluded_lines": 0}, "missing_lines": [], "excluded_lines": []}, "TestComputeFeatures.test_no_nan_in_feature_columns": {"executed_lines": [355, 356, 357, 358, 359], "summary": {"covered_lines": 5, "num_statements": 5, "percent_covered": 100.0, "percent_covered_display": "100", "missing_lines": 0, "excluded_lines": 0}, "missing_lines": [], "excluded_lines": []}, "TestFeaturePipelineConfig.test_default_version": {"executed_lines": [369, 370], "summary": {"covered_lines": 2, "num_statements": 2, "percent_covered": 100.0, "percent_covered_display": "100", "missing_lines": 0, "excluded_lines": 0}, "missing_lines": [], "excluded_lines": []}, "TestFeaturePipelineConfig.test_custom_version": {"executed_lines": [373, 374], "summary": {"covered_lines": 2, "num_statements": 2, "percent_covered": 100.0, "percent_covered_display": "100", "missing_lines": 0, "excluded_lines": 0}, "missing_lines": [], "excluded_lines": []}, "TestFeaturePipelineConfig.test_feature_list_matches_defaults": {"executed_lines": [377, 378], "summary": {"covered_lines": 2, "num_statements": 2, "percent_covered": 100.0, "percent_covered_display": "100", "missing_lines": 0, "excluded_lines": 0}, "missing_lines": [], "excluded_lines": []}, "TestFeaturePipelineConfig.test_feature_list_is_independent_copy": {"executed_lines": [382, 383, 384, 385], "summary": {"covered_lines": 4, "num_statements": 4, "percent_covered": 100.0, "percent_covered_display": "100", "missing_lines": 0, "excluded_lines": 0}, "missing_lines": [], "excluded_lines": []}, "": {"executed_lines": [1, 11, 13, 15, 16, 17, 19, 42, 43, 79, 80, 86, 91, 98, 109, 110, 114, 119, 123, 133, 134, 138, 142, 153, 154, 160, 167, 177, 178, 182, 186, 190, 200, 201, 205, 209, 214, 224, 225, 230, 234, 238, 242, 254, 255, 260, 271, 272, 276, 286, 287, 292, 296, 306, 307, 313, 319, 324, 331, 339, 345, 353, 367, 368, 372, 376, 380], "summary": {"covered_lines": 66, "num_statements": 66, "percent_covered": 100.0, "percent_covered_display": "100", "missing_lines": 0, "excluded_lines": 0}, "missing_lines": [], "excluded_lines": []}}, "classes": {"TestCreditUtilization": {"executed_lines": [81, 84, 88, 89, 93, 96, 100, 101], "summary": {"covered_lines": 8, "num_statements": 8, "percent_covered": 100.0, "percent_covered_display": "100", "missing_lines": 0, "excluded_lines": 0}, "missing_lines": [], "excluded_lines": []}, "TestIncomeStabilityScore": {"executed_lines": [111, 112, 115, 116, 117, 120, 121, 124, 125], "summary": {"covered_lines": 9, "num_statements": 9, "percent_covered": 100.0, "percent_covered_display": "100", "missing_lines": 0, "excluded_lines": 0}, "missing_lines": [], "excluded_lines": []}, "TestRepaymentCapacity": {"executed_lines": [135, 136, 139, 140, 144, 145], "summary": {"covered_lines": 6, "num_statements": 6, "percent_covered": 100.0, "percent_covered_display": "100", "missing_lines": 0, "excluded_lines": 0}, "missing_lines": [], "excluded_lines": []}, "TestDebtServiceCoverage": {"executed_lines": [155, 158, 162, 165, 168, 169], "summary": {"covered_lines": 6, "num_statements": 6, "percent_covered": 100.0, "percent_covered_display": "100", "missing_lines": 0, "excluded_lines": 0}, "missing_lines": [], "excluded_lines": []}, "TestCreditAgeScore": {"executed_lines": [179, 180, 183, 184, 187, 188, 191, 192], "summary": {"covered_lines": 8, "num_statements": 8, "percent_covered": 100.0, "percent_covered_display": "100", "missing_lines": 0, "excluded_lines": 0}, "missing_lines": [], "excluded_lines": []}, "TestDerogatoryPenalty": {"executed_lines": [202, 203, 206, 207, 211, 212, 215, 216], "summary": {"covered_lines": 8, "num_statements": 8, "percent_covered": 100.0, "percent_covered_display": "100", "missing_lines": 0, "excluded_lines": 0}, "missing_lines": [], "excluded_lines": []}, "TestMonthsSinceDelinquency": {"executed_lines": [227, 228, 231, 232, 235, 236, 239, 240, 243, 244, 245, 246], "summary": {"covered_lines": 12, "num_statements": 12, "percent_covered": 100.0, "percent_covered_display": "100", "missing_lines": 0, "excluded_lines": 0}, "missing_lines": [], "excluded_lines": []}, "TestLogTransforms": {"executed_lines": [256, 257, 258, 261, 262, 263], "summary": {"covered_lines": 6, "num_statements": 6, "percent_covered": 100.0, "percent_covered_display": "100", "missing_lines": 0, "excluded_lines": 0}, "missing_lines": [], "excluded_lines": []}, "TestDtiXLoanAmount": {"executed_lines": [273, 274, 277, 278], "summary": {"covered_lines": 4, "num_statements": 4, "percent_covered": 100.0, "percent_covered_display": "100", "missing_lines": 0, "excluded_lines": 0}, "missing_lines": [], "excluded_lines": []}, "TestEmploymentEncoded": {"executed_lines": [288, 289, 290, 293, 294, 297, 298], "summary": {"covered_lines": 7, "num_statements": 7, "percent_covered": 100.0, "percent_covered_display": "100", "missing_lines": 0, "excluded_lines": 0}, "missing_lines": [], "excluded_lines": []}, "TestComputeFeatures": {"executed_lines": [308, 309, 310, 311, 314, 315, 316, 317, 320, 321, 322, 326, 327, 328, 329, 333, 334, 335, 336, 337, 340, 341, 342, 343, 347, 348, 349, 350, 351, 355, 356, 357, 358, 359], "summary": {"covered_lines": 34, "num_statements": 34, "percent_covered": 100.0, "percent_covered_display": "100", "missing_lines": 0, "excluded_lines": 0}, "missing_lines": [], "excluded_lines": []}, "TestFeaturePipelineConfig": {"executed_lines": [369, 370, 373, 374, 377, 378, 382, 383, 384, 385], "summary": {"covered_lines": 10, "num_statements": 10, "percent_covered": 100.0, "percent_covered_display": "100", "missing_lines": 0, "excluded_lines": 0}, "missing_lines": [], "excluded_lines": []}, "": {"executed_lines": [1, 11, 13, 15, 16, 17, 19, 42, 43, 45, 79, 80, 86, 91, 98, 109, 110, 114, 119, 123, 133, 134, 138, 142, 153, 154, 160, 167, 177, 178, 182, 186, 190, 200, 201, 205, 209, 214, 224, 225, 230, 234, 238, 242, 254, 255, 260, 271, 272, 276, 286, 287, 292, 296, 306, 307, 313, 319, 324, 331, 339, 345, 353, 367, 368, 372, 376, 380], "summary": {"covered_lines": 67, "num_statements": 67, "percent_covered": 100.0, "percent_covered_display": "100", "missing_lines": 0, "excluded_lines": 0}, "missing_lines": [], "excluded_lines": []}}}}, "totals": {"covered_lines": 5774, "num_statements": 7013, "percent_covered": 82.33281049479538, "percent_covered_display": "82", "missing_lines": 1239, "excluded_lines": 68}}
